This file contains any messages produced by compilers while
running configure, to aid debugging if configure makes a mistake.

It was created by sleuthkit configure 4.11.0, which was
generated by GNU Autoconf 2.69.  Invocation command line was

  $ configure --disable-java --disable-multithreading --without-afflib --without-libewf --without-libvhdi --without-libvmdk --without-zlib

## --------- ##
## Platform. ##
## --------- ##

hostname = beyond.dominion
uname -m = x86_64
uname -r = 5.13.4-200.fc34.x86_64
uname -s = Linux
uname -v = #1 SMP Tue Jul 20 20:27:29 UTC 2021

/usr/bin/uname -p = x86_64
/bin/uname -X     = unknown

/bin/arch              = x86_64
/usr/bin/arch -k       = unknown
/usr/convex/getsysinfo = unknown
/usr/bin/hostinfo      = unknown
/bin/machine           = unknown
/usr/bin/oslevel       = unknown
/bin/universe          = unknown

PATH: /usr/share/Modules/bin
PATH: /usr/local/bin
PATH: /usr/local/sbin
PATH: /usr/bin
PATH: /usr/sbin
PATH: /home/lordyesta/.local/bin
PATH: /home/lordyesta/bin


## ----------- ##
## Core tests. ##
## ----------- ##

configure:2785: checking for a BSD-compatible install
configure:2853: result: /usr/bin/install -c
configure:2864: checking whether build environment is sane
configure:2919: result: yes
configure:3070: checking for a thread-safe mkdir -p
configure:3109: result: /usr/bin/mkdir -p
configure:3116: checking for gawk
configure:3132: found /usr/bin/gawk
configure:3143: result: gawk
configure:3154: checking whether make sets $(MAKE)
configure:3176: result: yes
configure:3205: checking whether make supports nested variables
configure:3222: result: yes
configure:3311: checking whether UID '1000' is supported by ustar format
configure:3314: result: yes
configure:3321: checking whether GID '1000' is supported by ustar format
configure:3324: result: yes
configure:3332: checking how to create a ustar tar archive
configure:3343: tar --version
tar (GNU tar) 1.34
Copyright (C) 2021 Free Software Foundation, Inc.
License GPLv3+: GNU GPL version 3 or later <https://gnu.org/licenses/gpl.html>.
This is free software: you are free to change and redistribute it.
There is NO WARRANTY, to the extent permitted by law.

Written by John Gilmore and Jay Fenlason.
configure:3346: $? = 0
configure:3386: tardir=conftest.dir && eval tar --format=ustar -chf - "$tardir" >conftest.tar
configure:3389: $? = 0
configure:3393: tar -xf - <conftest.tar
configure:3396: $? = 0
configure:3398: cat conftest.dir/file
GrepMe
configure:3401: $? = 0
configure:3414: result: gnutar
configure:3498: checking for cppunit-config
configure:3529: result: no
configure:3539: checking for Cppunit - version >= 1.12.1
configure:3543: result: no
configure:3642: checking build system type
configure:3656: result: x86_64-pc-linux-gnu
configure:3676: checking host system type
configure:3689: result: x86_64-pc-linux-gnu
configure:3730: checking how to print strings
configure:3757: result: printf
configure:3782: checking whether make supports the include directive
configure:3797: make -f confmf.GNU && cat confinc.out
this is the am__doit target
configure:3800: $? = 0
configure:3819: result: yes (GNU style)
configure:3889: checking for gcc
configure:3905: found /usr/bin/gcc
configure:3916: result: gcc
configure:4145: checking for C compiler version
configure:4154: gcc --version >&5
gcc (GCC) 11.2.1 20210728 (Red Hat 11.2.1-1)
Copyright (C) 2021 Free Software Foundation, Inc.
This is free software; see the source for copying conditions.  There is NO
warranty; not even for MERCHANTABILITY or FITNESS FOR A PARTICULAR PURPOSE.

configure:4165: $? = 0
configure:4154: gcc -v >&5
Using built-in specs.
COLLECT_GCC=gcc
COLLECT_LTO_WRAPPER=/usr/libexec/gcc/x86_64-redhat-linux/11/lto-wrapper
OFFLOAD_TARGET_NAMES=nvptx-none
OFFLOAD_TARGET_DEFAULT=1
Target: x86_64-redhat-linux
Configured with: ../configure --enable-bootstrap --enable-languages=c,c++,fortran,objc,obj-c++,ada,go,d,lto --prefix=/usr --mandir=/usr/share/man --infodir=/usr/share/info --with-bugurl=http://bugzilla.redhat.com/bugzilla --enable-shared --enable-threads=posix --enable-checking=release --enable-multilib --with-system-zlib --enable-__cxa_atexit --disable-libunwind-exceptions --enable-gnu-unique-object --enable-linker-build-id --with-gcc-major-version-only --with-linker-hash-style=gnu --enable-plugin --enable-initfini-array --with-isl=/builddir/build/BUILD/gcc-11.2.1-20210728/obj-x86_64-redhat-linux/isl-install --enable-offload-targets=nvptx-none --without-cuda-driver --enable-gnu-indirect-function --enable-cet --with-tune=generic --with-arch_32=i686 --build=x86_64-redhat-linux
Thread model: posix
Supported LTO compression algorithms: zlib zstd
gcc version 11.2.1 20210728 (Red Hat 11.2.1-1) (GCC) 
... rest of stderr output deleted ...
configure:4165: $? = 0
configure:4154: gcc -V >&5
gcc: error: unrecognized command-line option '-V'
gcc: fatal error: no input files
compilation terminated.
configure:4165: $? = 1
configure:4154: gcc -qversion >&5
gcc: error: unrecognized command-line option '-qversion'; did you mean '--version'?
gcc: fatal error: no input files
compilation terminated.
configure:4165: $? = 1
configure:4185: checking whether the C compiler works
configure:4207: gcc    conftest.c  >&5
configure:4211: $? = 0
configure:4259: result: yes
configure:4262: checking for C compiler default output file name
configure:4264: result: a.out
configure:4270: checking for suffix of executables
configure:4277: gcc -o conftest    conftest.c  >&5
configure:4281: $? = 0
configure:4303: result: 
configure:4325: checking whether we are cross compiling
configure:4333: gcc -o conftest    conftest.c  >&5
configure:4337: $? = 0
configure:4344: ./conftest
configure:4348: $? = 0
configure:4363: result: no
configure:4368: checking for suffix of object files
configure:4390: gcc -c   conftest.c >&5
configure:4394: $? = 0
configure:4415: result: o
configure:4419: checking whether we are using the GNU C compiler
configure:4438: gcc -c   conftest.c >&5
configure:4438: $? = 0
configure:4447: result: yes
configure:4456: checking whether gcc accepts -g
configure:4476: gcc -c -g  conftest.c >&5
configure:4476: $? = 0
configure:4517: result: yes
configure:4534: checking for gcc option to accept ISO C89
configure:4597: gcc  -c -g -O2  conftest.c >&5
configure:4597: $? = 0
configure:4610: result: none needed
configure:4635: checking whether gcc understands -c and -o together
configure:4657: gcc -c conftest.c -o conftest2.o
configure:4660: $? = 0
configure:4657: gcc -c conftest.c -o conftest2.o
configure:4660: $? = 0
configure:4672: result: yes
configure:4691: checking dependency style of gcc
configure:4802: result: gcc3
configure:4817: checking for a sed that does not truncate output
configure:4881: result: /usr/bin/sed
configure:4899: checking for grep that handles long lines and -e
configure:4957: result: /usr/bin/grep
configure:4962: checking for egrep
configure:5024: result: /usr/bin/grep -E
configure:5029: checking for fgrep
configure:5091: result: /usr/bin/grep -F
configure:5126: checking for ld used by gcc
configure:5193: result: /usr/bin/ld
configure:5200: checking if the linker (/usr/bin/ld) is GNU ld
configure:5215: result: yes
configure:5227: checking for BSD- or MS-compatible name lister (nm)
configure:5281: result: /usr/bin/nm -B
configure:5411: checking the name lister (/usr/bin/nm -B) interface
configure:5418: gcc -c -g -O2  conftest.c >&5
configure:5421: /usr/bin/nm -B "conftest.o"
configure:5424: output
0000000000000000 B some_variable
configure:5431: result: BSD nm
configure:5434: checking whether ln -s works
configure:5438: result: yes
configure:5446: checking the maximum length of command line arguments
configure:5577: result: 1572864
configure:5625: checking how to convert x86_64-pc-linux-gnu file names to x86_64-pc-linux-gnu format
configure:5665: result: func_convert_file_noop
configure:5672: checking how to convert x86_64-pc-linux-gnu file names to toolchain format
configure:5692: result: func_convert_file_noop
configure:5699: checking for /usr/bin/ld option to reload object files
configure:5706: result: -r
configure:5780: checking for objdump
configure:5796: found /usr/bin/objdump
configure:5807: result: objdump
configure:5839: checking how to recognize dependent libraries
configure:6039: result: pass_all
configure:6124: checking for dlltool
configure:6154: result: no
configure:6184: checking how to associate runtime and link libraries
configure:6211: result: printf %s\n
configure:6272: checking for ar
configure:6288: found /usr/bin/ar
configure:6299: result: ar
configure:6336: checking for archiver @FILE support
configure:6353: gcc -c -g -O2  conftest.c >&5
configure:6353: $? = 0
configure:6356: ar cru libconftest.a @conftest.lst >&5
configure:6359: $? = 0
configure:6364: ar cru libconftest.a @conftest.lst >&5
ar: conftest.o: No such file or directory
configure:6367: $? = 1
configure:6379: result: @
configure:6437: checking for strip
configure:6453: found /usr/bin/strip
configure:6464: result: strip
configure:6536: checking for ranlib
configure:6552: found /usr/bin/ranlib
configure:6563: result: ranlib
configure:6665: checking command to parse /usr/bin/nm -B output from gcc object
configure:6818: gcc -c -g -O2  conftest.c >&5
configure:6821: $? = 0
configure:6825: /usr/bin/nm -B conftest.o \| sed -n -e 's/^.*[ ]\([ABCDGIRSTW][ABCDGIRSTW]*\)[ ][ ]*\([_A-Za-z][_A-Za-z0-9]*\)$/\1 \2 \2/p' | sed '/ __gnu_lto/d' \> conftest.nm
configure:6828: $? = 0
configure:6894: gcc -o conftest -g -O2   conftest.c conftstm.o >&5
configure:6897: $? = 0
configure:6935: result: ok
configure:6982: checking for sysroot
configure:7012: result: no
configure:7019: checking for a working dd
configure:7057: result: /usr/bin/dd
configure:7061: checking how to truncate binary pipes
configure:7076: result: /usr/bin/dd bs=4096 count=1
configure:7212: gcc -c -g -O2  conftest.c >&5
configure:7215: $? = 0
configure:7405: checking for mt
configure:7435: result: no
configure:7455: checking if : is a manifest tool
configure:7461: : '-?'
configure:7469: result: no
configure:8146: checking how to run the C preprocessor
configure:8177: gcc -E  conftest.c
configure:8177: $? = 0
configure:8191: gcc -E  conftest.c
conftest.c:11:10: fatal error: ac_nonexistent.h: No such file or directory
   11 | #include <ac_nonexistent.h>
      |          ^~~~~~~~~~~~~~~~~~
compilation terminated.
configure:8191: $? = 1
configure: failed program was:
| /* confdefs.h */
| #define PACKAGE_NAME "sleuthkit"
| #define PACKAGE_TARNAME "sleuthkit"
| #define PACKAGE_VERSION "4.11.0"
| #define PACKAGE_STRING "sleuthkit 4.11.0"
| #define PACKAGE_BUGREPORT ""
| #define PACKAGE_URL ""
| #define PACKAGE "sleuthkit"
| #define VERSION "4.11.0"
| /* end confdefs.h.  */
| #include <ac_nonexistent.h>
configure:8216: result: gcc -E
configure:8236: gcc -E  conftest.c
configure:8236: $? = 0
configure:8250: gcc -E  conftest.c
conftest.c:11:10: fatal error: ac_nonexistent.h: No such file or directory
   11 | #include <ac_nonexistent.h>
      |          ^~~~~~~~~~~~~~~~~~
compilation terminated.
configure:8250: $? = 1
configure: failed program was:
| /* confdefs.h */
| #define PACKAGE_NAME "sleuthkit"
| #define PACKAGE_TARNAME "sleuthkit"
| #define PACKAGE_VERSION "4.11.0"
| #define PACKAGE_STRING "sleuthkit 4.11.0"
| #define PACKAGE_BUGREPORT ""
| #define PACKAGE_URL ""
| #define PACKAGE "sleuthkit"
| #define VERSION "4.11.0"
| /* end confdefs.h.  */
| #include <ac_nonexistent.h>
configure:8279: checking for ANSI C header files
configure:8299: gcc -c -g -O2  conftest.c >&5
configure:8299: $? = 0
configure:8372: gcc -o conftest -g -O2   conftest.c  >&5
configure:8372: $? = 0
configure:8372: ./conftest
configure:8372: $? = 0
configure:8383: result: yes
configure:8396: checking for sys/types.h
configure:8396: gcc -c -g -O2  conftest.c >&5
configure:8396: $? = 0
configure:8396: result: yes
configure:8396: checking for sys/stat.h
configure:8396: gcc -c -g -O2  conftest.c >&5
configure:8396: $? = 0
configure:8396: result: yes
configure:8396: checking for stdlib.h
configure:8396: gcc -c -g -O2  conftest.c >&5
configure:8396: $? = 0
configure:8396: result: yes
configure:8396: checking for string.h
configure:8396: gcc -c -g -O2  conftest.c >&5
configure:8396: $? = 0
configure:8396: result: yes
configure:8396: checking for memory.h
configure:8396: gcc -c -g -O2  conftest.c >&5
configure:8396: $? = 0
configure:8396: result: yes
configure:8396: checking for strings.h
configure:8396: gcc -c -g -O2  conftest.c >&5
configure:8396: $? = 0
configure:8396: result: yes
configure:8396: checking for inttypes.h
configure:8396: gcc -c -g -O2  conftest.c >&5
configure:8396: $? = 0
configure:8396: result: yes
configure:8396: checking for stdint.h
configure:8396: gcc -c -g -O2  conftest.c >&5
configure:8396: $? = 0
configure:8396: result: yes
configure:8396: checking for unistd.h
configure:8396: gcc -c -g -O2  conftest.c >&5
configure:8396: $? = 0
configure:8396: result: yes
configure:8410: checking for dlfcn.h
configure:8410: gcc -c -g -O2  conftest.c >&5
configure:8410: $? = 0
configure:8410: result: yes
configure:8666: checking for objdir
configure:8681: result: .libs
configure:8941: checking if gcc supports -fno-rtti -fno-exceptions
configure:8959: gcc -c -g -O2  -fno-rtti -fno-exceptions conftest.c >&5
cc1: warning: command-line option '-fno-rtti' is valid for C++/D/ObjC++ but not for C
configure:8963: $? = 0
configure:8976: result: no
configure:9334: checking for gcc option to produce PIC
configure:9341: result: -fPIC -DPIC
configure:9349: checking if gcc PIC flag -fPIC -DPIC works
configure:9367: gcc -c -g -O2  -fPIC -DPIC -DPIC conftest.c >&5
configure:9371: $? = 0
configure:9384: result: yes
configure:9413: checking if gcc static flag -static works
configure:9441: result: yes
configure:9456: checking if gcc supports -c -o file.o
configure:9477: gcc -c -g -O2  -o out/conftest2.o conftest.c >&5
configure:9481: $? = 0
configure:9503: result: yes
configure:9511: checking if gcc supports -c -o file.o
configure:9558: result: yes
configure:9591: checking whether the gcc linker (/usr/bin/ld -m elf_x86_64) supports shared libraries
configure:10850: result: yes
configure:10887: checking whether -lc should be explicitly linked in
configure:10895: gcc -c -g -O2  conftest.c >&5
configure:10898: $? = 0
configure:10913: gcc -shared  -fPIC -DPIC conftest.o  -v -Wl,-soname -Wl,conftest -o conftest 2\>\&1 \| /usr/bin/grep  -lc  \>/dev/null 2\>\&1
configure:10916: $? = 0
configure:10930: result: no
configure:11090: checking dynamic linker characteristics
configure:11671: gcc -o conftest -g -O2   -Wl,-rpath -Wl,/foo conftest.c  >&5
configure:11671: $? = 0
configure:11911: result: GNU/Linux ld.so
configure:12033: checking how to hardcode library paths into programs
configure:12058: result: immediate
configure:12606: checking whether stripping libraries is possible
configure:12611: result: yes
configure:12646: checking if libtool supports shared libraries
configure:12648: result: yes
configure:12651: checking whether to build shared libraries
configure:12676: result: yes
configure:12679: checking whether to build static libraries
configure:12683: result: yes
configure:12721: checking whether to enable maintainer-specific portions of Makefiles
configure:12730: result: no
configure:12803: checking for g++
configure:12819: found /usr/bin/g++
configure:12830: result: g++
configure:12857: checking for C++ compiler version
configure:12866: g++ --version >&5
g++ (GCC) 11.2.1 20210728 (Red Hat 11.2.1-1)
Copyright (C) 2021 Free Software Foundation, Inc.
This is free software; see the source for copying conditions.  There is NO
warranty; not even for MERCHANTABILITY or FITNESS FOR A PARTICULAR PURPOSE.

configure:12877: $? = 0
configure:12866: g++ -v >&5
Using built-in specs.
COLLECT_GCC=g++
COLLECT_LTO_WRAPPER=/usr/libexec/gcc/x86_64-redhat-linux/11/lto-wrapper
OFFLOAD_TARGET_NAMES=nvptx-none
OFFLOAD_TARGET_DEFAULT=1
Target: x86_64-redhat-linux
Configured with: ../configure --enable-bootstrap --enable-languages=c,c++,fortran,objc,obj-c++,ada,go,d,lto --prefix=/usr --mandir=/usr/share/man --infodir=/usr/share/info --with-bugurl=http://bugzilla.redhat.com/bugzilla --enable-shared --enable-threads=posix --enable-checking=release --enable-multilib --with-system-zlib --enable-__cxa_atexit --disable-libunwind-exceptions --enable-gnu-unique-object --enable-linker-build-id --with-gcc-major-version-only --with-linker-hash-style=gnu --enable-plugin --enable-initfini-array --with-isl=/builddir/build/BUILD/gcc-11.2.1-20210728/obj-x86_64-redhat-linux/isl-install --enable-offload-targets=nvptx-none --without-cuda-driver --enable-gnu-indirect-function --enable-cet --with-tune=generic --with-arch_32=i686 --build=x86_64-redhat-linux
Thread model: posix
Supported LTO compression algorithms: zlib zstd
gcc version 11.2.1 20210728 (Red Hat 11.2.1-1) (GCC) 
... rest of stderr output deleted ...
configure:12877: $? = 0
configure:12866: g++ -V >&5
g++: error: unrecognized command-line option '-V'
g++: fatal error: no input files
compilation terminated.
configure:12877: $? = 1
configure:12866: g++ -qversion >&5
g++: error: unrecognized command-line option '-qversion'; did you mean '--version'?
g++: fatal error: no input files
compilation terminated.
configure:12877: $? = 1
configure:12881: checking whether we are using the GNU C++ compiler
configure:12900: g++ -c   conftest.cpp >&5
configure:12900: $? = 0
configure:12909: result: yes
configure:12918: checking whether g++ accepts -g
configure:12938: g++ -c -g  conftest.cpp >&5
configure:12938: $? = 0
configure:12979: result: yes
configure:13004: checking dependency style of g++
configure:13115: result: gcc3
configure:13148: checking how to run the C++ preprocessor
configure:13175: g++ -E  conftest.cpp
configure:13175: $? = 0
configure:13189: g++ -E  conftest.cpp
conftest.cpp:23:10: fatal error: ac_nonexistent.h: No such file or directory
   23 | #include <ac_nonexistent.h>
      |          ^~~~~~~~~~~~~~~~~~
compilation terminated.
configure:13189: $? = 1
configure: failed program was:
| /* confdefs.h */
| #define PACKAGE_NAME "sleuthkit"
| #define PACKAGE_TARNAME "sleuthkit"
| #define PACKAGE_VERSION "4.11.0"
| #define PACKAGE_STRING "sleuthkit 4.11.0"
| #define PACKAGE_BUGREPORT ""
| #define PACKAGE_URL ""
| #define PACKAGE "sleuthkit"
| #define VERSION "4.11.0"
| #define STDC_HEADERS 1
| #define HAVE_SYS_TYPES_H 1
| #define HAVE_SYS_STAT_H 1
| #define HAVE_STDLIB_H 1
| #define HAVE_STRING_H 1
| #define HAVE_MEMORY_H 1
| #define HAVE_STRINGS_H 1
| #define HAVE_INTTYPES_H 1
| #define HAVE_STDINT_H 1
| #define HAVE_UNISTD_H 1
| #define HAVE_DLFCN_H 1
| #define LT_OBJDIR ".libs/"
| /* end confdefs.h.  */
| #include <ac_nonexistent.h>
configure:13214: result: g++ -E
configure:13234: g++ -E  conftest.cpp
configure:13234: $? = 0
configure:13248: g++ -E  conftest.cpp
conftest.cpp:23:10: fatal error: ac_nonexistent.h: No such file or directory
   23 | #include <ac_nonexistent.h>
      |          ^~~~~~~~~~~~~~~~~~
compilation terminated.
configure:13248: $? = 1
configure: failed program was:
| /* confdefs.h */
| #define PACKAGE_NAME "sleuthkit"
| #define PACKAGE_TARNAME "sleuthkit"
| #define PACKAGE_VERSION "4.11.0"
| #define PACKAGE_STRING "sleuthkit 4.11.0"
| #define PACKAGE_BUGREPORT ""
| #define PACKAGE_URL ""
| #define PACKAGE "sleuthkit"
| #define VERSION "4.11.0"
| #define STDC_HEADERS 1
| #define HAVE_SYS_TYPES_H 1
| #define HAVE_SYS_STAT_H 1
| #define HAVE_STDLIB_H 1
| #define HAVE_STRING_H 1
| #define HAVE_MEMORY_H 1
| #define HAVE_STRINGS_H 1
| #define HAVE_INTTYPES_H 1
| #define HAVE_STDINT_H 1
| #define HAVE_UNISTD_H 1
| #define HAVE_DLFCN_H 1
| #define LT_OBJDIR ".libs/"
| /* end confdefs.h.  */
| #include <ac_nonexistent.h>
configure:13410: checking for ld used by g++
configure:13477: result: /usr/bin/ld -m elf_x86_64
configure:13484: checking if the linker (/usr/bin/ld -m elf_x86_64) is GNU ld
configure:13499: result: yes
configure:13554: checking whether the g++ linker (/usr/bin/ld -m elf_x86_64) supports shared libraries
configure:14627: result: yes
configure:14663: g++ -c -g -O2  conftest.cpp >&5
configure:14666: $? = 0
configure:15147: checking for g++ option to produce PIC
configure:15154: result: -fPIC -DPIC
configure:15162: checking if g++ PIC flag -fPIC -DPIC works
configure:15180: g++ -c -g -O2  -fPIC -DPIC -DPIC conftest.cpp >&5
configure:15184: $? = 0
configure:15197: result: yes
configure:15220: checking if g++ static flag -static works
configure:15248: result: yes
configure:15260: checking if g++ supports -c -o file.o
configure:15281: g++ -c -g -O2  -o out/conftest2.o conftest.cpp >&5
configure:15285: $? = 0
configure:15307: result: yes
configure:15312: checking if g++ supports -c -o file.o
configure:15359: result: yes
configure:15389: checking whether the g++ linker (/usr/bin/ld -m elf_x86_64) supports shared libraries
configure:15429: result: yes
configure:15570: checking dynamic linker characteristics
configure:16318: result: GNU/Linux ld.so
configure:16383: checking how to hardcode library paths into programs
configure:16408: result: immediate
configure:16462: checking whether g++ supports C++14 features with -std=c++14
configure:16880: g++ -std=c++14 -c -g -O2  conftest.cpp >&5
configure:16880: $? = 0
configure:16889: result: yes
configure:16976: checking for gcc
configure:17003: result: gcc
configure:17232: checking for C compiler version
configure:17241: gcc --version >&5
gcc (GCC) 11.2.1 20210728 (Red Hat 11.2.1-1)
Copyright (C) 2021 Free Software Foundation, Inc.
This is free software; see the source for copying conditions.  There is NO
warranty; not even for MERCHANTABILITY or FITNESS FOR A PARTICULAR PURPOSE.

configure:17252: $? = 0
configure:17241: gcc -v >&5
Using built-in specs.
COLLECT_GCC=gcc
COLLECT_LTO_WRAPPER=/usr/libexec/gcc/x86_64-redhat-linux/11/lto-wrapper
OFFLOAD_TARGET_NAMES=nvptx-none
OFFLOAD_TARGET_DEFAULT=1
Target: x86_64-redhat-linux
Configured with: ../configure --enable-bootstrap --enable-languages=c,c++,fortran,objc,obj-c++,ada,go,d,lto --prefix=/usr --mandir=/usr/share/man --infodir=/usr/share/info --with-bugurl=http://bugzilla.redhat.com/bugzilla --enable-shared --enable-threads=posix --enable-checking=release --enable-multilib --with-system-zlib --enable-__cxa_atexit --disable-libunwind-exceptions --enable-gnu-unique-object --enable-linker-build-id --with-gcc-major-version-only --with-linker-hash-style=gnu --enable-plugin --enable-initfini-array --with-isl=/builddir/build/BUILD/gcc-11.2.1-20210728/obj-x86_64-redhat-linux/isl-install --enable-offload-targets=nvptx-none --without-cuda-driver --enable-gnu-indirect-function --enable-cet --with-tune=generic --with-arch_32=i686 --build=x86_64-redhat-linux
Thread model: posix
Supported LTO compression algorithms: zlib zstd
gcc version 11.2.1 20210728 (Red Hat 11.2.1-1) (GCC) 
... rest of stderr output deleted ...
configure:17252: $? = 0
configure:17241: gcc -V >&5
gcc: error: unrecognized command-line option '-V'
gcc: fatal error: no input files
compilation terminated.
configure:17252: $? = 1
configure:17241: gcc -qversion >&5
gcc: error: unrecognized command-line option '-qversion'; did you mean '--version'?
gcc: fatal error: no input files
compilation terminated.
configure:17252: $? = 1
configure:17256: checking whether we are using the GNU C compiler
configure:17284: result: yes
configure:17293: checking whether gcc accepts -g
configure:17354: result: yes
configure:17371: checking for gcc option to accept ISO C89
configure:17447: result: none needed
configure:17472: checking whether gcc understands -c and -o together
configure:17509: result: yes
configure:17528: checking dependency style of gcc
configure:17639: result: gcc3
configure:17659: checking how to run the C preprocessor
configure:17729: result: gcc -E
configure:17749: gcc -E  conftest.c
configure:17749: $? = 0
configure:17763: gcc -E  conftest.c
conftest.c:24:10: fatal error: ac_nonexistent.h: No such file or directory
   24 | #include <ac_nonexistent.h>
      |          ^~~~~~~~~~~~~~~~~~
compilation terminated.
configure:17763: $? = 1
configure: failed program was:
| /* confdefs.h */
| #define PACKAGE_NAME "sleuthkit"
| #define PACKAGE_TARNAME "sleuthkit"
| #define PACKAGE_VERSION "4.11.0"
| #define PACKAGE_STRING "sleuthkit 4.11.0"
| #define PACKAGE_BUGREPORT ""
| #define PACKAGE_URL ""
| #define PACKAGE "sleuthkit"
| #define VERSION "4.11.0"
| #define STDC_HEADERS 1
| #define HAVE_SYS_TYPES_H 1
| #define HAVE_SYS_STAT_H 1
| #define HAVE_STDLIB_H 1
| #define HAVE_STRING_H 1
| #define HAVE_MEMORY_H 1
| #define HAVE_STRINGS_H 1
| #define HAVE_INTTYPES_H 1
| #define HAVE_STDINT_H 1
| #define HAVE_UNISTD_H 1
| #define HAVE_DLFCN_H 1
| #define LT_OBJDIR ".libs/"
| #define HAVE_CXX14 1
| /* end confdefs.h.  */
| #include <ac_nonexistent.h>
configure:17792: checking whether ln -s works
configure:17796: result: yes
configure:17803: checking whether make sets $(MAKE)
configure:17825: result: yes
configure:17836: checking for perl
configure:17854: found /usr/bin/perl
configure:17866: result: /usr/bin/perl
configure:17875: checking for ANSI C header files
configure:17979: result: yes
configure:17990: checking err.h usability
configure:17990: gcc -c -g -O2  conftest.c >&5
configure:17990: $? = 0
configure:17990: result: yes
configure:17990: checking err.h presence
configure:17990: gcc -E  conftest.c
configure:17990: $? = 0
configure:17990: result: yes
configure:17990: checking for err.h
configure:17990: result: yes
configure:17990: checking for inttypes.h
configure:17990: result: yes
configure:17990: checking for unistd.h
configure:17990: result: yes
configure:17990: checking for stdint.h
configure:17990: result: yes
configure:17990: checking sys/param.h usability
configure:17990: gcc -c -g -O2  conftest.c >&5
configure:17990: $? = 0
configure:17990: result: yes
configure:17990: checking sys/param.h presence
configure:17990: gcc -E  conftest.c
configure:17990: $? = 0
configure:17990: result: yes
configure:17990: checking for sys/param.h
configure:17990: result: yes
configure:17990: checking sys/resource.h usability
configure:17990: gcc -c -g -O2  conftest.c >&5
configure:17990: $? = 0
configure:17990: result: yes
configure:17990: checking sys/resource.h presence
configure:17990: gcc -E  conftest.c
configure:17990: $? = 0
configure:17990: result: yes
configure:17990: checking for sys/resource.h
configure:17990: result: yes
configure:18001: checking for stdbool.h that conforms to C99
configure:18068: gcc -c -g -O2  conftest.c >&5
configure:18068: $? = 0
configure:18075: result: yes
configure:18077: checking for _Bool
configure:18077: gcc -c -g -O2  conftest.c >&5
configure:18077: $? = 0
configure:18077: gcc -c -g -O2  conftest.c >&5
conftest.c: In function 'main':
conftest.c:67:20: error: expected expression before ')' token
   67 | if (sizeof ((_Bool)))
      |                    ^
configure:18077: $? = 1
configure: failed program was:
| /* confdefs.h */
| #define PACKAGE_NAME "sleuthkit"
| #define PACKAGE_TARNAME "sleuthkit"
| #define PACKAGE_VERSION "4.11.0"
| #define PACKAGE_STRING "sleuthkit 4.11.0"
| #define PACKAGE_BUGREPORT ""
| #define PACKAGE_URL ""
| #define PACKAGE "sleuthkit"
| #define VERSION "4.11.0"
| #define STDC_HEADERS 1
| #define HAVE_SYS_TYPES_H 1
| #define HAVE_SYS_STAT_H 1
| #define HAVE_STDLIB_H 1
| #define HAVE_STRING_H 1
| #define HAVE_MEMORY_H 1
| #define HAVE_STRINGS_H 1
| #define HAVE_INTTYPES_H 1
| #define HAVE_STDINT_H 1
| #define HAVE_UNISTD_H 1
| #define HAVE_DLFCN_H 1
| #define LT_OBJDIR ".libs/"
| #define HAVE_CXX14 1
| #define STDC_HEADERS 1
| #define HAVE_ERR_H 1
| #define HAVE_INTTYPES_H 1
| #define HAVE_UNISTD_H 1
| #define HAVE_STDINT_H 1
| #define HAVE_SYS_PARAM_H 1
| #define HAVE_SYS_RESOURCE_H 1
| /* end confdefs.h.  */
| #include <stdio.h>
| #ifdef HAVE_SYS_TYPES_H
| # include <sys/types.h>
| #endif
| #ifdef HAVE_SYS_STAT_H
| # include <sys/stat.h>
| #endif
| #ifdef STDC_HEADERS
| # include <stdlib.h>
| # include <stddef.h>
| #else
| # ifdef HAVE_STDLIB_H
| #  include <stdlib.h>
| # endif
| #endif
| #ifdef HAVE_STRING_H
| # if !defined STDC_HEADERS && defined HAVE_MEMORY_H
| #  include <memory.h>
| # endif
| # include <string.h>
| #endif
| #ifdef HAVE_STRINGS_H
| # include <strings.h>
| #endif
| #ifdef HAVE_INTTYPES_H
| # include <inttypes.h>
| #endif
| #ifdef HAVE_STDINT_H
| # include <stdint.h>
| #endif
| #ifdef HAVE_UNISTD_H
| # include <unistd.h>
| #endif
| int
| main ()
| {
| if (sizeof ((_Bool)))
| 	    return 0;
|   ;
|   return 0;
| }
configure:18077: result: yes
configure:18094: checking for an ANSI C-conforming const
configure:18160: gcc -c -g -O2  conftest.c >&5
configure:18160: $? = 0
configure:18167: result: yes
configure:18175: checking for uid_t in sys/types.h
configure:18194: result: yes
configure:18205: checking for mode_t
configure:18205: gcc -c -g -O2  conftest.c >&5
configure:18205: $? = 0
configure:18205: gcc -c -g -O2  conftest.c >&5
conftest.c: In function 'main':
conftest.c:69:21: error: expected expression before ')' token
   69 | if (sizeof ((mode_t)))
      |                     ^
configure:18205: $? = 1
configure: failed program was:
| /* confdefs.h */
| #define PACKAGE_NAME "sleuthkit"
| #define PACKAGE_TARNAME "sleuthkit"
| #define PACKAGE_VERSION "4.11.0"
| #define PACKAGE_STRING "sleuthkit 4.11.0"
| #define PACKAGE_BUGREPORT ""
| #define PACKAGE_URL ""
| #define PACKAGE "sleuthkit"
| #define VERSION "4.11.0"
| #define STDC_HEADERS 1
| #define HAVE_SYS_TYPES_H 1
| #define HAVE_SYS_STAT_H 1
| #define HAVE_STDLIB_H 1
| #define HAVE_STRING_H 1
| #define HAVE_MEMORY_H 1
| #define HAVE_STRINGS_H 1
| #define HAVE_INTTYPES_H 1
| #define HAVE_STDINT_H 1
| #define HAVE_UNISTD_H 1
| #define HAVE_DLFCN_H 1
| #define LT_OBJDIR ".libs/"
| #define HAVE_CXX14 1
| #define STDC_HEADERS 1
| #define HAVE_ERR_H 1
| #define HAVE_INTTYPES_H 1
| #define HAVE_UNISTD_H 1
| #define HAVE_STDINT_H 1
| #define HAVE_SYS_PARAM_H 1
| #define HAVE_SYS_RESOURCE_H 1
| #define HAVE__BOOL 1
| #define HAVE_STDBOOL_H 1
| /* end confdefs.h.  */
| #include <stdio.h>
| #ifdef HAVE_SYS_TYPES_H
| # include <sys/types.h>
| #endif
| #ifdef HAVE_SYS_STAT_H
| # include <sys/stat.h>
| #endif
| #ifdef STDC_HEADERS
| # include <stdlib.h>
| # include <stddef.h>
| #else
| # ifdef HAVE_STDLIB_H
| #  include <stdlib.h>
| # endif
| #endif
| #ifdef HAVE_STRING_H
| # if !defined STDC_HEADERS && defined HAVE_MEMORY_H
| #  include <memory.h>
| # endif
| # include <string.h>
| #endif
| #ifdef HAVE_STRINGS_H
| # include <strings.h>
| #endif
| #ifdef HAVE_INTTYPES_H
| # include <inttypes.h>
| #endif
| #ifdef HAVE_STDINT_H
| # include <stdint.h>
| #endif
| #ifdef HAVE_UNISTD_H
| # include <unistd.h>
| #endif
| int
| main ()
| {
| if (sizeof ((mode_t)))
| 	    return 0;
|   ;
|   return 0;
| }
configure:18205: result: yes
configure:18216: checking for off_t
configure:18216: gcc -c -g -O2  conftest.c >&5
configure:18216: $? = 0
configure:18216: gcc -c -g -O2  conftest.c >&5
conftest.c: In function 'main':
conftest.c:69:20: error: expected expression before ')' token
   69 | if (sizeof ((off_t)))
      |                    ^
configure:18216: $? = 1
configure: failed program was:
| /* confdefs.h */
| #define PACKAGE_NAME "sleuthkit"
| #define PACKAGE_TARNAME "sleuthkit"
| #define PACKAGE_VERSION "4.11.0"
| #define PACKAGE_STRING "sleuthkit 4.11.0"
| #define PACKAGE_BUGREPORT ""
| #define PACKAGE_URL ""
| #define PACKAGE "sleuthkit"
| #define VERSION "4.11.0"
| #define STDC_HEADERS 1
| #define HAVE_SYS_TYPES_H 1
| #define HAVE_SYS_STAT_H 1
| #define HAVE_STDLIB_H 1
| #define HAVE_STRING_H 1
| #define HAVE_MEMORY_H 1
| #define HAVE_STRINGS_H 1
| #define HAVE_INTTYPES_H 1
| #define HAVE_STDINT_H 1
| #define HAVE_UNISTD_H 1
| #define HAVE_DLFCN_H 1
| #define LT_OBJDIR ".libs/"
| #define HAVE_CXX14 1
| #define STDC_HEADERS 1
| #define HAVE_ERR_H 1
| #define HAVE_INTTYPES_H 1
| #define HAVE_UNISTD_H 1
| #define HAVE_STDINT_H 1
| #define HAVE_SYS_PARAM_H 1
| #define HAVE_SYS_RESOURCE_H 1
| #define HAVE__BOOL 1
| #define HAVE_STDBOOL_H 1
| /* end confdefs.h.  */
| #include <stdio.h>
| #ifdef HAVE_SYS_TYPES_H
| # include <sys/types.h>
| #endif
| #ifdef HAVE_SYS_STAT_H
| # include <sys/stat.h>
| #endif
| #ifdef STDC_HEADERS
| # include <stdlib.h>
| # include <stddef.h>
| #else
| # ifdef HAVE_STDLIB_H
| #  include <stdlib.h>
| # endif
| #endif
| #ifdef HAVE_STRING_H
| # if !defined STDC_HEADERS && defined HAVE_MEMORY_H
| #  include <memory.h>
| # endif
| # include <string.h>
| #endif
| #ifdef HAVE_STRINGS_H
| # include <strings.h>
| #endif
| #ifdef HAVE_INTTYPES_H
| # include <inttypes.h>
| #endif
| #ifdef HAVE_STDINT_H
| # include <stdint.h>
| #endif
| #ifdef HAVE_UNISTD_H
| # include <unistd.h>
| #endif
| int
| main ()
| {
| if (sizeof ((off_t)))
| 	    return 0;
|   ;
|   return 0;
| }
configure:18216: result: yes
configure:18227: checking for size_t
configure:18227: gcc -c -g -O2  conftest.c >&5
configure:18227: $? = 0
configure:18227: gcc -c -g -O2  conftest.c >&5
conftest.c: In function 'main':
conftest.c:69:21: error: expected expression before ')' token
   69 | if (sizeof ((size_t)))
      |                     ^
configure:18227: $? = 1
configure: failed program was:
| /* confdefs.h */
| #define PACKAGE_NAME "sleuthkit"
| #define PACKAGE_TARNAME "sleuthkit"
| #define PACKAGE_VERSION "4.11.0"
| #define PACKAGE_STRING "sleuthkit 4.11.0"
| #define PACKAGE_BUGREPORT ""
| #define PACKAGE_URL ""
| #define PACKAGE "sleuthkit"
| #define VERSION "4.11.0"
| #define STDC_HEADERS 1
| #define HAVE_SYS_TYPES_H 1
| #define HAVE_SYS_STAT_H 1
| #define HAVE_STDLIB_H 1
| #define HAVE_STRING_H 1
| #define HAVE_MEMORY_H 1
| #define HAVE_STRINGS_H 1
| #define HAVE_INTTYPES_H 1
| #define HAVE_STDINT_H 1
| #define HAVE_UNISTD_H 1
| #define HAVE_DLFCN_H 1
| #define LT_OBJDIR ".libs/"
| #define HAVE_CXX14 1
| #define STDC_HEADERS 1
| #define HAVE_ERR_H 1
| #define HAVE_INTTYPES_H 1
| #define HAVE_UNISTD_H 1
| #define HAVE_STDINT_H 1
| #define HAVE_SYS_PARAM_H 1
| #define HAVE_SYS_RESOURCE_H 1
| #define HAVE__BOOL 1
| #define HAVE_STDBOOL_H 1
| /* end confdefs.h.  */
| #include <stdio.h>
| #ifdef HAVE_SYS_TYPES_H
| # include <sys/types.h>
| #endif
| #ifdef HAVE_SYS_STAT_H
| # include <sys/stat.h>
| #endif
| #ifdef STDC_HEADERS
| # include <stdlib.h>
| # include <stddef.h>
| #else
| # ifdef HAVE_STDLIB_H
| #  include <stdlib.h>
| # endif
| #endif
| #ifdef HAVE_STRING_H
| # if !defined STDC_HEADERS && defined HAVE_MEMORY_H
| #  include <memory.h>
| # endif
| # include <string.h>
| #endif
| #ifdef HAVE_STRINGS_H
| # include <strings.h>
| #endif
| #ifdef HAVE_INTTYPES_H
| # include <inttypes.h>
| #endif
| #ifdef HAVE_STDINT_H
| # include <stdint.h>
| #endif
| #ifdef HAVE_UNISTD_H
| # include <unistd.h>
| #endif
| int
| main ()
| {
| if (sizeof ((size_t)))
| 	    return 0;
|   ;
|   return 0;
| }
configure:18227: result: yes
configure:18246: checking for special C compiler options needed for large files
configure:18291: result: no
configure:18297: checking for _FILE_OFFSET_BITS value needed for large files
configure:18322: gcc -c -g -O2  conftest.c >&5
configure:18322: $? = 0
configure:18354: result: no
configure:18442: checking for working alloca.h
configure:18459: gcc -o conftest -g -O2   conftest.c  >&5
configure:18459: $? = 0
configure:18467: result: yes
configure:18475: checking for alloca
configure:18512: gcc -o conftest -g -O2   conftest.c  >&5
configure:18512: $? = 0
configure:18520: result: yes
configure:18626: checking for error_at_line
configure:18642: gcc -o conftest -g -O2   conftest.c  >&5
configure:18642: $? = 0
configure:18650: result: yes
configure:18661: checking for _LARGEFILE_SOURCE value needed for large files
configure:18680: gcc -o conftest -g -O2   conftest.c  >&5
configure:18680: $? = 0
configure:18708: result: no
configure:18730: checking whether gcc needs -traditional
configure:18764: result: no
configure:18771: checking whether lstat correctly handles trailing slash
configure:18797: gcc -o conftest -g -O2   conftest.c  >&5
configure:18797: $? = 0
configure:18797: ./conftest
configure:18797: $? = 0
configure:18814: result: yes
configure:18833: checking whether lstat accepts an empty string
configure:18853: gcc -o conftest -g -O2   conftest.c  >&5
configure:18853: $? = 0
configure:18853: ./conftest
configure:18853: $? = 0
configure:18863: result: no
configure:18879: checking whether lstat correctly handles trailing slash
configure:18922: result: yes
configure:18944: checking sys/select.h usability
configure:18944: gcc -c -g -O2  conftest.c >&5
configure:18944: $? = 0
configure:18944: result: yes
configure:18944: checking sys/select.h presence
configure:18944: gcc -E  conftest.c
configure:18944: $? = 0
configure:18944: result: yes
configure:18944: checking for sys/select.h
configure:18944: result: yes
configure:18944: checking sys/socket.h usability
configure:18944: gcc -c -g -O2  conftest.c >&5
configure:18944: $? = 0
configure:18944: result: yes
configure:18944: checking sys/socket.h presence
configure:18944: gcc -E  conftest.c
configure:18944: $? = 0
configure:18944: result: yes
configure:18944: checking for sys/socket.h
configure:18944: result: yes
configure:18954: checking types of arguments for select
configure:18982: gcc -c -g -O2  conftest.c >&5
configure:18982: $? = 0
configure:18993: result: int,fd_set *,struct timeval *
configure:19022: checking for utime.h
configure:19022: gcc -c -g -O2  conftest.c >&5
configure:19022: $? = 0
configure:19022: result: yes
configure:19036: checking whether utime accepts a null argument
configure:19065: gcc -o conftest -g -O2   conftest.c  >&5
configure:19065: $? = 0
configure:19065: ./conftest
configure:19065: $? = 0
configure:19075: result: yes
configure:19087: checking for vprintf
configure:19087: gcc -o conftest -g -O2   conftest.c  >&5
conftest.c:68:6: warning: conflicting types for built-in function 'vprintf'; expected 'int(const char *, __va_list_tag *)' [-Wbuiltin-declaration-mismatch]
   68 | char vprintf ();
      |      ^~~~~~~
conftest.c:56:1: note: 'vprintf' is declared in header '<stdio.h>'
   55 | # include <limits.h>
   56 | #else
configure:19087: $? = 0
configure:19087: result: yes
configure:19093: checking for _doprnt
configure:19093: gcc -o conftest -g -O2   conftest.c  >&5
/usr/bin/ld: /tmp/ccRnQ9zV.o: in function `main':
/home/lordyesta/Projects/pytsk/sleuthkit/conftest.c:80: undefined reference to `_doprnt'
collect2: error: ld returned 1 exit status
configure:19093: $? = 1
configure: failed program was:
| /* confdefs.h */
| #define PACKAGE_NAME "sleuthkit"
| #define PACKAGE_TARNAME "sleuthkit"
| #define PACKAGE_VERSION "4.11.0"
| #define PACKAGE_STRING "sleuthkit 4.11.0"
| #define PACKAGE_BUGREPORT ""
| #define PACKAGE_URL ""
| #define PACKAGE "sleuthkit"
| #define VERSION "4.11.0"
| #define STDC_HEADERS 1
| #define HAVE_SYS_TYPES_H 1
| #define HAVE_SYS_STAT_H 1
| #define HAVE_STDLIB_H 1
| #define HAVE_STRING_H 1
| #define HAVE_MEMORY_H 1
| #define HAVE_STRINGS_H 1
| #define HAVE_INTTYPES_H 1
| #define HAVE_STDINT_H 1
| #define HAVE_UNISTD_H 1
| #define HAVE_DLFCN_H 1
| #define LT_OBJDIR ".libs/"
| #define HAVE_CXX14 1
| #define STDC_HEADERS 1
| #define HAVE_ERR_H 1
| #define HAVE_INTTYPES_H 1
| #define HAVE_UNISTD_H 1
| #define HAVE_STDINT_H 1
| #define HAVE_SYS_PARAM_H 1
| #define HAVE_SYS_RESOURCE_H 1
| #define HAVE__BOOL 1
| #define HAVE_STDBOOL_H 1
| #define HAVE_ALLOCA_H 1
| #define HAVE_ALLOCA 1
| #define HAVE_FSEEKO 1
| #define LSTAT_FOLLOWS_SLASHED_SYMLINK 1
| #define LSTAT_FOLLOWS_SLASHED_SYMLINK 1
| #define HAVE_SYS_SELECT_H 1
| #define HAVE_SYS_SOCKET_H 1
| #define SELECT_TYPE_ARG1 int
| #define SELECT_TYPE_ARG234 (fd_set *)
| #define SELECT_TYPE_ARG5 (struct timeval *)
| #define HAVE_UTIME_H 1
| #define HAVE_UTIME_NULL 1
| #define HAVE_VPRINTF 1
| /* end confdefs.h.  */
| /* Define _doprnt to an innocuous variant, in case <limits.h> declares _doprnt.
|    For example, HP-UX 11i <limits.h> declares gettimeofday.  */
| #define _doprnt innocuous__doprnt
| 
| /* System header to define __stub macros and hopefully few prototypes,
|     which can conflict with char _doprnt (); below.
|     Prefer <limits.h> to <assert.h> if __STDC__ is defined, since
|     <limits.h> exists even on freestanding compilers.  */
| 
| #ifdef __STDC__
| # include <limits.h>
| #else
| # include <assert.h>
| #endif
| 
| #undef _doprnt
| 
| /* Override any GCC internal prototype to avoid an error.
|    Use char because int might match the return type of a GCC
|    builtin and then its argument prototype would still apply.  */
| #ifdef __cplusplus
| extern "C"
| #endif
| char _doprnt ();
| /* The GNU C library defines this for functions which it implements
|     to always fail with ENOSYS.  Some functions are actually named
|     something starting with __ and the normal name is an alias.  */
| #if defined __stub__doprnt || defined __stub____doprnt
| choke me
| #endif
| 
| int
| main ()
| {
| return _doprnt ();
|   ;
|   return 0;
| }
configure:19093: result: no
configure:19107: checking for ishexnumber
configure:19107: gcc -o conftest -g -O2   conftest.c  >&5
/usr/bin/ld: /tmp/ccldxUXQ.o: in function `main':
/home/lordyesta/Projects/pytsk/sleuthkit/conftest.c:80: undefined reference to `ishexnumber'
collect2: error: ld returned 1 exit status
configure:19107: $? = 1
configure: failed program was:
| /* confdefs.h */
| #define PACKAGE_NAME "sleuthkit"
| #define PACKAGE_TARNAME "sleuthkit"
| #define PACKAGE_VERSION "4.11.0"
| #define PACKAGE_STRING "sleuthkit 4.11.0"
| #define PACKAGE_BUGREPORT ""
| #define PACKAGE_URL ""
| #define PACKAGE "sleuthkit"
| #define VERSION "4.11.0"
| #define STDC_HEADERS 1
| #define HAVE_SYS_TYPES_H 1
| #define HAVE_SYS_STAT_H 1
| #define HAVE_STDLIB_H 1
| #define HAVE_STRING_H 1
| #define HAVE_MEMORY_H 1
| #define HAVE_STRINGS_H 1
| #define HAVE_INTTYPES_H 1
| #define HAVE_STDINT_H 1
| #define HAVE_UNISTD_H 1
| #define HAVE_DLFCN_H 1
| #define LT_OBJDIR ".libs/"
| #define HAVE_CXX14 1
| #define STDC_HEADERS 1
| #define HAVE_ERR_H 1
| #define HAVE_INTTYPES_H 1
| #define HAVE_UNISTD_H 1
| #define HAVE_STDINT_H 1
| #define HAVE_SYS_PARAM_H 1
| #define HAVE_SYS_RESOURCE_H 1
| #define HAVE__BOOL 1
| #define HAVE_STDBOOL_H 1
| #define HAVE_ALLOCA_H 1
| #define HAVE_ALLOCA 1
| #define HAVE_FSEEKO 1
| #define LSTAT_FOLLOWS_SLASHED_SYMLINK 1
| #define LSTAT_FOLLOWS_SLASHED_SYMLINK 1
| #define HAVE_SYS_SELECT_H 1
| #define HAVE_SYS_SOCKET_H 1
| #define SELECT_TYPE_ARG1 int
| #define SELECT_TYPE_ARG234 (fd_set *)
| #define SELECT_TYPE_ARG5 (struct timeval *)
| #define HAVE_UTIME_H 1
| #define HAVE_UTIME_NULL 1
| #define HAVE_VPRINTF 1
| /* end confdefs.h.  */
| /* Define ishexnumber to an innocuous variant, in case <limits.h> declares ishexnumber.
|    For example, HP-UX 11i <limits.h> declares gettimeofday.  */
| #define ishexnumber innocuous_ishexnumber
| 
| /* System header to define __stub macros and hopefully few prototypes,
|     which can conflict with char ishexnumber (); below.
|     Prefer <limits.h> to <assert.h> if __STDC__ is defined, since
|     <limits.h> exists even on freestanding compilers.  */
| 
| #ifdef __STDC__
| # include <limits.h>
| #else
| # include <assert.h>
| #endif
| 
| #undef ishexnumber
| 
| /* Override any GCC internal prototype to avoid an error.
|    Use char because int might match the return type of a GCC
|    builtin and then its argument prototype would still apply.  */
| #ifdef __cplusplus
| extern "C"
| #endif
| char ishexnumber ();
| /* The GNU C library defines this for functions which it implements
|     to always fail with ENOSYS.  Some functions are actually named
|     something starting with __ and the normal name is an alias.  */
| #if defined __stub_ishexnumber || defined __stub___ishexnumber
| choke me
| #endif
| 
| int
| main ()
| {
| return ishexnumber ();
|   ;
|   return 0;
| }
configure:19107: result: no
configure:19107: checking for err
configure:19107: gcc -o conftest -g -O2   conftest.c  >&5
configure:19107: $? = 0
configure:19107: result: yes
configure:19107: checking for errx
configure:19107: gcc -o conftest -g -O2   conftest.c  >&5
configure:19107: $? = 0
configure:19107: result: yes
configure:19107: checking for warn
configure:19107: gcc -o conftest -g -O2   conftest.c  >&5
configure:19107: $? = 0
configure:19107: result: yes
configure:19107: checking for warnx
configure:19107: gcc -o conftest -g -O2   conftest.c  >&5
configure:19107: $? = 0
configure:19107: result: yes
configure:19107: checking for vasprintf
configure:19107: gcc -o conftest -g -O2   conftest.c  >&5
configure:19107: $? = 0
configure:19107: result: yes
configure:19107: checking for getrusage
configure:19107: gcc -o conftest -g -O2   conftest.c  >&5
configure:19107: $? = 0
configure:19107: result: yes
configure:19119: checking for strlcpy
configure:19119: gcc -o conftest -g -O2   conftest.c  >&5
/usr/bin/ld: /tmp/ccWn9rFR.o: in function `main':
/home/lordyesta/Projects/pytsk/sleuthkit/conftest.c:86: undefined reference to `strlcpy'
collect2: error: ld returned 1 exit status
configure:19119: $? = 1
configure: failed program was:
| /* confdefs.h */
| #define PACKAGE_NAME "sleuthkit"
| #define PACKAGE_TARNAME "sleuthkit"
| #define PACKAGE_VERSION "4.11.0"
| #define PACKAGE_STRING "sleuthkit 4.11.0"
| #define PACKAGE_BUGREPORT ""
| #define PACKAGE_URL ""
| #define PACKAGE "sleuthkit"
| #define VERSION "4.11.0"
| #define STDC_HEADERS 1
| #define HAVE_SYS_TYPES_H 1
| #define HAVE_SYS_STAT_H 1
| #define HAVE_STDLIB_H 1
| #define HAVE_STRING_H 1
| #define HAVE_MEMORY_H 1
| #define HAVE_STRINGS_H 1
| #define HAVE_INTTYPES_H 1
| #define HAVE_STDINT_H 1
| #define HAVE_UNISTD_H 1
| #define HAVE_DLFCN_H 1
| #define LT_OBJDIR ".libs/"
| #define HAVE_CXX14 1
| #define STDC_HEADERS 1
| #define HAVE_ERR_H 1
| #define HAVE_INTTYPES_H 1
| #define HAVE_UNISTD_H 1
| #define HAVE_STDINT_H 1
| #define HAVE_SYS_PARAM_H 1
| #define HAVE_SYS_RESOURCE_H 1
| #define HAVE__BOOL 1
| #define HAVE_STDBOOL_H 1
| #define HAVE_ALLOCA_H 1
| #define HAVE_ALLOCA 1
| #define HAVE_FSEEKO 1
| #define LSTAT_FOLLOWS_SLASHED_SYMLINK 1
| #define LSTAT_FOLLOWS_SLASHED_SYMLINK 1
| #define HAVE_SYS_SELECT_H 1
| #define HAVE_SYS_SOCKET_H 1
| #define SELECT_TYPE_ARG1 int
| #define SELECT_TYPE_ARG234 (fd_set *)
| #define SELECT_TYPE_ARG5 (struct timeval *)
| #define HAVE_UTIME_H 1
| #define HAVE_UTIME_NULL 1
| #define HAVE_VPRINTF 1
| #define HAVE_ERR 1
| #define HAVE_ERRX 1
| #define HAVE_WARN 1
| #define HAVE_WARNX 1
| #define HAVE_VASPRINTF 1
| #define HAVE_GETRUSAGE 1
| /* end confdefs.h.  */
| /* Define strlcpy to an innocuous variant, in case <limits.h> declares strlcpy.
|    For example, HP-UX 11i <limits.h> declares gettimeofday.  */
| #define strlcpy innocuous_strlcpy
| 
| /* System header to define __stub macros and hopefully few prototypes,
|     which can conflict with char strlcpy (); below.
|     Prefer <limits.h> to <assert.h> if __STDC__ is defined, since
|     <limits.h> exists even on freestanding compilers.  */
| 
| #ifdef __STDC__
| # include <limits.h>
| #else
| # include <assert.h>
| #endif
| 
| #undef strlcpy
| 
| /* Override any GCC internal prototype to avoid an error.
|    Use char because int might match the return type of a GCC
|    builtin and then its argument prototype would still apply.  */
| #ifdef __cplusplus
| extern "C"
| #endif
| char strlcpy ();
| /* The GNU C library defines this for functions which it implements
|     to always fail with ENOSYS.  Some functions are actually named
|     something starting with __ and the normal name is an alias.  */
| #if defined __stub_strlcpy || defined __stub___strlcpy
| choke me
| #endif
| 
| int
| main ()
| {
| return strlcpy ();
|   ;
|   return 0;
| }
configure:19119: result: no
configure:19119: checking for strlcat
configure:19119: gcc -o conftest -g -O2   conftest.c  >&5
/usr/bin/ld: /tmp/ccldsqiL.o: in function `main':
/home/lordyesta/Projects/pytsk/sleuthkit/conftest.c:86: undefined reference to `strlcat'
collect2: error: ld returned 1 exit status
configure:19119: $? = 1
configure: failed program was:
| /* confdefs.h */
| #define PACKAGE_NAME "sleuthkit"
| #define PACKAGE_TARNAME "sleuthkit"
| #define PACKAGE_VERSION "4.11.0"
| #define PACKAGE_STRING "sleuthkit 4.11.0"
| #define PACKAGE_BUGREPORT ""
| #define PACKAGE_URL ""
| #define PACKAGE "sleuthkit"
| #define VERSION "4.11.0"
| #define STDC_HEADERS 1
| #define HAVE_SYS_TYPES_H 1
| #define HAVE_SYS_STAT_H 1
| #define HAVE_STDLIB_H 1
| #define HAVE_STRING_H 1
| #define HAVE_MEMORY_H 1
| #define HAVE_STRINGS_H 1
| #define HAVE_INTTYPES_H 1
| #define HAVE_STDINT_H 1
| #define HAVE_UNISTD_H 1
| #define HAVE_DLFCN_H 1
| #define LT_OBJDIR ".libs/"
| #define HAVE_CXX14 1
| #define STDC_HEADERS 1
| #define HAVE_ERR_H 1
| #define HAVE_INTTYPES_H 1
| #define HAVE_UNISTD_H 1
| #define HAVE_STDINT_H 1
| #define HAVE_SYS_PARAM_H 1
| #define HAVE_SYS_RESOURCE_H 1
| #define HAVE__BOOL 1
| #define HAVE_STDBOOL_H 1
| #define HAVE_ALLOCA_H 1
| #define HAVE_ALLOCA 1
| #define HAVE_FSEEKO 1
| #define LSTAT_FOLLOWS_SLASHED_SYMLINK 1
| #define LSTAT_FOLLOWS_SLASHED_SYMLINK 1
| #define HAVE_SYS_SELECT_H 1
| #define HAVE_SYS_SOCKET_H 1
| #define SELECT_TYPE_ARG1 int
| #define SELECT_TYPE_ARG234 (fd_set *)
| #define SELECT_TYPE_ARG5 (struct timeval *)
| #define HAVE_UTIME_H 1
| #define HAVE_UTIME_NULL 1
| #define HAVE_VPRINTF 1
| #define HAVE_ERR 1
| #define HAVE_ERRX 1
| #define HAVE_WARN 1
| #define HAVE_WARNX 1
| #define HAVE_VASPRINTF 1
| #define HAVE_GETRUSAGE 1
| /* end confdefs.h.  */
| /* Define strlcat to an innocuous variant, in case <limits.h> declares strlcat.
|    For example, HP-UX 11i <limits.h> declares gettimeofday.  */
| #define strlcat innocuous_strlcat
| 
| /* System header to define __stub macros and hopefully few prototypes,
|     which can conflict with char strlcat (); below.
|     Prefer <limits.h> to <assert.h> if __STDC__ is defined, since
|     <limits.h> exists even on freestanding compilers.  */
| 
| #ifdef __STDC__
| # include <limits.h>
| #else
| # include <assert.h>
| #endif
| 
| #undef strlcat
| 
| /* Override any GCC internal prototype to avoid an error.
|    Use char because int might match the return type of a GCC
|    builtin and then its argument prototype would still apply.  */
| #ifdef __cplusplus
| extern "C"
| #endif
| char strlcat ();
| /* The GNU C library defines this for functions which it implements
|     to always fail with ENOSYS.  Some functions are actually named
|     something starting with __ and the normal name is an alias.  */
| #if defined __stub_strlcat || defined __stub___strlcat
| choke me
| #endif
| 
| int
| main ()
| {
| return strlcat ();
|   ;
|   return 0;
| }
configure:19119: result: no
configure:19298: checking for the pthreads library -lpthreads
configure:19336: gcc -o conftest -g -O2    conftest.c -lpthreads  >&5
/usr/bin/ld: cannot find -lpthreads
collect2: error: ld returned 1 exit status
configure:19336: $? = 1
configure: failed program was:
| /* confdefs.h */
| #define PACKAGE_NAME "sleuthkit"
| #define PACKAGE_TARNAME "sleuthkit"
| #define PACKAGE_VERSION "4.11.0"
| #define PACKAGE_STRING "sleuthkit 4.11.0"
| #define PACKAGE_BUGREPORT ""
| #define PACKAGE_URL ""
| #define PACKAGE "sleuthkit"
| #define VERSION "4.11.0"
| #define STDC_HEADERS 1
| #define HAVE_SYS_TYPES_H 1
| #define HAVE_SYS_STAT_H 1
| #define HAVE_STDLIB_H 1
| #define HAVE_STRING_H 1
| #define HAVE_MEMORY_H 1
| #define HAVE_STRINGS_H 1
| #define HAVE_INTTYPES_H 1
| #define HAVE_STDINT_H 1
| #define HAVE_UNISTD_H 1
| #define HAVE_DLFCN_H 1
| #define LT_OBJDIR ".libs/"
| #define HAVE_CXX14 1
| #define STDC_HEADERS 1
| #define HAVE_ERR_H 1
| #define HAVE_INTTYPES_H 1
| #define HAVE_UNISTD_H 1
| #define HAVE_STDINT_H 1
| #define HAVE_SYS_PARAM_H 1
| #define HAVE_SYS_RESOURCE_H 1
| #define HAVE__BOOL 1
| #define HAVE_STDBOOL_H 1
| #define HAVE_ALLOCA_H 1
| #define HAVE_ALLOCA 1
| #define HAVE_FSEEKO 1
| #define LSTAT_FOLLOWS_SLASHED_SYMLINK 1
| #define LSTAT_FOLLOWS_SLASHED_SYMLINK 1
| #define HAVE_SYS_SELECT_H 1
| #define HAVE_SYS_SOCKET_H 1
| #define SELECT_TYPE_ARG1 int
| #define SELECT_TYPE_ARG234 (fd_set *)
| #define SELECT_TYPE_ARG5 (struct timeval *)
| #define HAVE_UTIME_H 1
| #define HAVE_UTIME_NULL 1
| #define HAVE_VPRINTF 1
| #define HAVE_ERR 1
| #define HAVE_ERRX 1
| #define HAVE_WARN 1
| #define HAVE_WARNX 1
| #define HAVE_VASPRINTF 1
| #define HAVE_GETRUSAGE 1
| /* end confdefs.h.  */
| #include <pthread.h>
| 		     static void routine(void* a) {a=0;}
| 		     static void* start_routine(void* a) {return a;}
| int
| main ()
| {
| pthread_t th; pthread_attr_t attr;
|                      pthread_create(&th,0,start_routine,0);
|                      pthread_join(th, 0);
|                      pthread_attr_init(&attr);
|                      pthread_cleanup_push(routine, 0);
|                      pthread_cleanup_pop(0);
|   ;
|   return 0;
| }
configure:19345: result: no
configure:19243: checking whether pthreads work without any flags
configure:19336: gcc -o conftest -g -O2    conftest.c   >&5
/usr/bin/ld: /tmp/ccua1jHS.o: in function `main':
/home/lordyesta/Projects/pytsk/sleuthkit/conftest.c:59: undefined reference to `pthread_create'
/usr/bin/ld: /home/lordyesta/Projects/pytsk/sleuthkit/conftest.c:60: undefined reference to `pthread_join'
/usr/bin/ld: /home/lordyesta/Projects/pytsk/sleuthkit/conftest.c:62: undefined reference to `__pthread_register_cancel'
/usr/bin/ld: /home/lordyesta/Projects/pytsk/sleuthkit/conftest.c:63: undefined reference to `__pthread_unregister_cancel'
collect2: error: ld returned 1 exit status
configure:19336: $? = 1
configure: failed program was:
| /* confdefs.h */
| #define PACKAGE_NAME "sleuthkit"
| #define PACKAGE_TARNAME "sleuthkit"
| #define PACKAGE_VERSION "4.11.0"
| #define PACKAGE_STRING "sleuthkit 4.11.0"
| #define PACKAGE_BUGREPORT ""
| #define PACKAGE_URL ""
| #define PACKAGE "sleuthkit"
| #define VERSION "4.11.0"
| #define STDC_HEADERS 1
| #define HAVE_SYS_TYPES_H 1
| #define HAVE_SYS_STAT_H 1
| #define HAVE_STDLIB_H 1
| #define HAVE_STRING_H 1
| #define HAVE_MEMORY_H 1
| #define HAVE_STRINGS_H 1
| #define HAVE_INTTYPES_H 1
| #define HAVE_STDINT_H 1
| #define HAVE_UNISTD_H 1
| #define HAVE_DLFCN_H 1
| #define LT_OBJDIR ".libs/"
| #define HAVE_CXX14 1
| #define STDC_HEADERS 1
| #define HAVE_ERR_H 1
| #define HAVE_INTTYPES_H 1
| #define HAVE_UNISTD_H 1
| #define HAVE_STDINT_H 1
| #define HAVE_SYS_PARAM_H 1
| #define HAVE_SYS_RESOURCE_H 1
| #define HAVE__BOOL 1
| #define HAVE_STDBOOL_H 1
| #define HAVE_ALLOCA_H 1
| #define HAVE_ALLOCA 1
| #define HAVE_FSEEKO 1
| #define LSTAT_FOLLOWS_SLASHED_SYMLINK 1
| #define LSTAT_FOLLOWS_SLASHED_SYMLINK 1
| #define HAVE_SYS_SELECT_H 1
| #define HAVE_SYS_SOCKET_H 1
| #define SELECT_TYPE_ARG1 int
| #define SELECT_TYPE_ARG234 (fd_set *)
| #define SELECT_TYPE_ARG5 (struct timeval *)
| #define HAVE_UTIME_H 1
| #define HAVE_UTIME_NULL 1
| #define HAVE_VPRINTF 1
| #define HAVE_ERR 1
| #define HAVE_ERRX 1
| #define HAVE_WARN 1
| #define HAVE_WARNX 1
| #define HAVE_VASPRINTF 1
| #define HAVE_GETRUSAGE 1
| /* end confdefs.h.  */
| #include <pthread.h>
| 		     static void routine(void* a) {a=0;}
| 		     static void* start_routine(void* a) {return a;}
| int
| main ()
| {
| pthread_t th; pthread_attr_t attr;
|                      pthread_create(&th,0,start_routine,0);
|                      pthread_join(th, 0);
|                      pthread_attr_init(&attr);
|                      pthread_cleanup_push(routine, 0);
|                      pthread_cleanup_pop(0);
|   ;
|   return 0;
| }
configure:19345: result: no
configure:19248: checking whether pthreads work with -Kthread
configure:19336: gcc -o conftest -g -O2 -Kthread   conftest.c   >&5
gcc: error: unrecognized command-line option '-Kthread'; did you mean '-pthread'?
configure:19336: $? = 1
configure: failed program was:
| /* confdefs.h */
| #define PACKAGE_NAME "sleuthkit"
| #define PACKAGE_TARNAME "sleuthkit"
| #define PACKAGE_VERSION "4.11.0"
| #define PACKAGE_STRING "sleuthkit 4.11.0"
| #define PACKAGE_BUGREPORT ""
| #define PACKAGE_URL ""
| #define PACKAGE "sleuthkit"
| #define VERSION "4.11.0"
| #define STDC_HEADERS 1
| #define HAVE_SYS_TYPES_H 1
| #define HAVE_SYS_STAT_H 1
| #define HAVE_STDLIB_H 1
| #define HAVE_STRING_H 1
| #define HAVE_MEMORY_H 1
| #define HAVE_STRINGS_H 1
| #define HAVE_INTTYPES_H 1
| #define HAVE_STDINT_H 1
| #define HAVE_UNISTD_H 1
| #define HAVE_DLFCN_H 1
| #define LT_OBJDIR ".libs/"
| #define HAVE_CXX14 1
| #define STDC_HEADERS 1
| #define HAVE_ERR_H 1
| #define HAVE_INTTYPES_H 1
| #define HAVE_UNISTD_H 1
| #define HAVE_STDINT_H 1
| #define HAVE_SYS_PARAM_H 1
| #define HAVE_SYS_RESOURCE_H 1
| #define HAVE__BOOL 1
| #define HAVE_STDBOOL_H 1
| #define HAVE_ALLOCA_H 1
| #define HAVE_ALLOCA 1
| #define HAVE_FSEEKO 1
| #define LSTAT_FOLLOWS_SLASHED_SYMLINK 1
| #define LSTAT_FOLLOWS_SLASHED_SYMLINK 1
| #define HAVE_SYS_SELECT_H 1
| #define HAVE_SYS_SOCKET_H 1
| #define SELECT_TYPE_ARG1 int
| #define SELECT_TYPE_ARG234 (fd_set *)
| #define SELECT_TYPE_ARG5 (struct timeval *)
| #define HAVE_UTIME_H 1
| #define HAVE_UTIME_NULL 1
| #define HAVE_VPRINTF 1
| #define HAVE_ERR 1
| #define HAVE_ERRX 1
| #define HAVE_WARN 1
| #define HAVE_WARNX 1
| #define HAVE_VASPRINTF 1
| #define HAVE_GETRUSAGE 1
| /* end confdefs.h.  */
| #include <pthread.h>
| 		     static void routine(void* a) {a=0;}
| 		     static void* start_routine(void* a) {return a;}
| int
| main ()
| {
| pthread_t th; pthread_attr_t attr;
|                      pthread_create(&th,0,start_routine,0);
|                      pthread_join(th, 0);
|                      pthread_attr_init(&attr);
|                      pthread_cleanup_push(routine, 0);
|                      pthread_cleanup_pop(0);
|   ;
|   return 0;
| }
configure:19345: result: no
configure:19248: checking whether pthreads work with -kthread
configure:19336: gcc -o conftest -g -O2 -kthread   conftest.c   >&5
gcc: error: unrecognized command-line option '-kthread'; did you mean '-pthread'?
configure:19336: $? = 1
configure: failed program was:
| /* confdefs.h */
| #define PACKAGE_NAME "sleuthkit"
| #define PACKAGE_TARNAME "sleuthkit"
| #define PACKAGE_VERSION "4.11.0"
| #define PACKAGE_STRING "sleuthkit 4.11.0"
| #define PACKAGE_BUGREPORT ""
| #define PACKAGE_URL ""
| #define PACKAGE "sleuthkit"
| #define VERSION "4.11.0"
| #define STDC_HEADERS 1
| #define HAVE_SYS_TYPES_H 1
| #define HAVE_SYS_STAT_H 1
| #define HAVE_STDLIB_H 1
| #define HAVE_STRING_H 1
| #define HAVE_MEMORY_H 1
| #define HAVE_STRINGS_H 1
| #define HAVE_INTTYPES_H 1
| #define HAVE_STDINT_H 1
| #define HAVE_UNISTD_H 1
| #define HAVE_DLFCN_H 1
| #define LT_OBJDIR ".libs/"
| #define HAVE_CXX14 1
| #define STDC_HEADERS 1
| #define HAVE_ERR_H 1
| #define HAVE_INTTYPES_H 1
| #define HAVE_UNISTD_H 1
| #define HAVE_STDINT_H 1
| #define HAVE_SYS_PARAM_H 1
| #define HAVE_SYS_RESOURCE_H 1
| #define HAVE__BOOL 1
| #define HAVE_STDBOOL_H 1
| #define HAVE_ALLOCA_H 1
| #define HAVE_ALLOCA 1
| #define HAVE_FSEEKO 1
| #define LSTAT_FOLLOWS_SLASHED_SYMLINK 1
| #define LSTAT_FOLLOWS_SLASHED_SYMLINK 1
| #define HAVE_SYS_SELECT_H 1
| #define HAVE_SYS_SOCKET_H 1
| #define SELECT_TYPE_ARG1 int
| #define SELECT_TYPE_ARG234 (fd_set *)
| #define SELECT_TYPE_ARG5 (struct timeval *)
| #define HAVE_UTIME_H 1
| #define HAVE_UTIME_NULL 1
| #define HAVE_VPRINTF 1
| #define HAVE_ERR 1
| #define HAVE_ERRX 1
| #define HAVE_WARN 1
| #define HAVE_WARNX 1
| #define HAVE_VASPRINTF 1
| #define HAVE_GETRUSAGE 1
| /* end confdefs.h.  */
| #include <pthread.h>
| 		     static void routine(void* a) {a=0;}
| 		     static void* start_routine(void* a) {return a;}
| int
| main ()
| {
| pthread_t th; pthread_attr_t attr;
|                      pthread_create(&th,0,start_routine,0);
|                      pthread_join(th, 0);
|                      pthread_attr_init(&attr);
|                      pthread_cleanup_push(routine, 0);
|                      pthread_cleanup_pop(0);
|   ;
|   return 0;
| }
configure:19345: result: no
configure:19298: checking for the pthreads library -llthread
configure:19336: gcc -o conftest -g -O2    conftest.c -llthread  >&5
/usr/bin/ld: cannot find -llthread
collect2: error: ld returned 1 exit status
configure:19336: $? = 1
configure: failed program was:
| /* confdefs.h */
| #define PACKAGE_NAME "sleuthkit"
| #define PACKAGE_TARNAME "sleuthkit"
| #define PACKAGE_VERSION "4.11.0"
| #define PACKAGE_STRING "sleuthkit 4.11.0"
| #define PACKAGE_BUGREPORT ""
| #define PACKAGE_URL ""
| #define PACKAGE "sleuthkit"
| #define VERSION "4.11.0"
| #define STDC_HEADERS 1
| #define HAVE_SYS_TYPES_H 1
| #define HAVE_SYS_STAT_H 1
| #define HAVE_STDLIB_H 1
| #define HAVE_STRING_H 1
| #define HAVE_MEMORY_H 1
| #define HAVE_STRINGS_H 1
| #define HAVE_INTTYPES_H 1
| #define HAVE_STDINT_H 1
| #define HAVE_UNISTD_H 1
| #define HAVE_DLFCN_H 1
| #define LT_OBJDIR ".libs/"
| #define HAVE_CXX14 1
| #define STDC_HEADERS 1
| #define HAVE_ERR_H 1
| #define HAVE_INTTYPES_H 1
| #define HAVE_UNISTD_H 1
| #define HAVE_STDINT_H 1
| #define HAVE_SYS_PARAM_H 1
| #define HAVE_SYS_RESOURCE_H 1
| #define HAVE__BOOL 1
| #define HAVE_STDBOOL_H 1
| #define HAVE_ALLOCA_H 1
| #define HAVE_ALLOCA 1
| #define HAVE_FSEEKO 1
| #define LSTAT_FOLLOWS_SLASHED_SYMLINK 1
| #define LSTAT_FOLLOWS_SLASHED_SYMLINK 1
| #define HAVE_SYS_SELECT_H 1
| #define HAVE_SYS_SOCKET_H 1
| #define SELECT_TYPE_ARG1 int
| #define SELECT_TYPE_ARG234 (fd_set *)
| #define SELECT_TYPE_ARG5 (struct timeval *)
| #define HAVE_UTIME_H 1
| #define HAVE_UTIME_NULL 1
| #define HAVE_VPRINTF 1
| #define HAVE_ERR 1
| #define HAVE_ERRX 1
| #define HAVE_WARN 1
| #define HAVE_WARNX 1
| #define HAVE_VASPRINTF 1
| #define HAVE_GETRUSAGE 1
| /* end confdefs.h.  */
| #include <pthread.h>
| 		     static void routine(void* a) {a=0;}
| 		     static void* start_routine(void* a) {return a;}
| int
| main ()
| {
| pthread_t th; pthread_attr_t attr;
|                      pthread_create(&th,0,start_routine,0);
|                      pthread_join(th, 0);
|                      pthread_attr_init(&attr);
|                      pthread_cleanup_push(routine, 0);
|                      pthread_cleanup_pop(0);
|   ;
|   return 0;
| }
configure:19345: result: no
configure:19248: checking whether pthreads work with -pthread
configure:19336: gcc -o conftest -g -O2 -pthread   conftest.c   >&5
configure:19336: $? = 0
configure:19345: result: yes
configure:19364: checking for joinable pthread attribute
configure:19379: gcc -o conftest -g -O2 -pthread   conftest.c   >&5
configure:19379: $? = 0
configure:19385: result: PTHREAD_CREATE_JOINABLE
configure:19395: checking if more special flags are required for pthreads
configure:19402: result: no
configure:19521: checking for main in -lstdc++
configure:19540: gcc -o conftest -g -O2  -pthread -I/usr/local/include  -pthread -L/usr/local/lib conftest.c -lstdc++   >&5
configure:19540: $? = 0
configure:19549: result: yes
configure:19564: checking for list
configure:19564: gcc -c -g -O2  -pthread -I/usr/local/include conftest.c >&5
conftest.c:54:13: error: expected '=', ',', ';', 'asm' or '__attribute__' before numeric constant
   54 | as_fn_error 0 "missing STL list class header" "19564" 5
      |             ^
conftest.c:56:10: fatal error: list: No such file or directory
   56 | #include <list>
      |          ^~~~~~
compilation terminated.
configure:19564: $? = 1
configure: failed program was:
| /* confdefs.h */
| #define PACKAGE_NAME "sleuthkit"
| #define PACKAGE_TARNAME "sleuthkit"
| #define PACKAGE_VERSION "4.11.0"
| #define PACKAGE_STRING "sleuthkit 4.11.0"
| #define PACKAGE_BUGREPORT ""
| #define PACKAGE_URL ""
| #define PACKAGE "sleuthkit"
| #define VERSION "4.11.0"
| #define STDC_HEADERS 1
| #define HAVE_SYS_TYPES_H 1
| #define HAVE_SYS_STAT_H 1
| #define HAVE_STDLIB_H 1
| #define HAVE_STRING_H 1
| #define HAVE_MEMORY_H 1
| #define HAVE_STRINGS_H 1
| #define HAVE_INTTYPES_H 1
| #define HAVE_STDINT_H 1
| #define HAVE_UNISTD_H 1
| #define HAVE_DLFCN_H 1
| #define LT_OBJDIR ".libs/"
| #define HAVE_CXX14 1
| #define STDC_HEADERS 1
| #define HAVE_ERR_H 1
| #define HAVE_INTTYPES_H 1
| #define HAVE_UNISTD_H 1
| #define HAVE_STDINT_H 1
| #define HAVE_SYS_PARAM_H 1
| #define HAVE_SYS_RESOURCE_H 1
| #define HAVE__BOOL 1
| #define HAVE_STDBOOL_H 1
| #define HAVE_ALLOCA_H 1
| #define HAVE_ALLOCA 1
| #define HAVE_FSEEKO 1
| #define LSTAT_FOLLOWS_SLASHED_SYMLINK 1
| #define LSTAT_FOLLOWS_SLASHED_SYMLINK 1
| #define HAVE_SYS_SELECT_H 1
| #define HAVE_SYS_SOCKET_H 1
| #define SELECT_TYPE_ARG1 int
| #define SELECT_TYPE_ARG234 (fd_set *)
| #define SELECT_TYPE_ARG5 (struct timeval *)
| #define HAVE_UTIME_H 1
| #define HAVE_UTIME_NULL 1
| #define HAVE_VPRINTF 1
| #define HAVE_ERR 1
| #define HAVE_ERRX 1
| #define HAVE_WARN 1
| #define HAVE_WARNX 1
| #define HAVE_VASPRINTF 1
| #define HAVE_GETRUSAGE 1
| #define HAVE_PTHREAD 1
| #define HAVE_LIBSTDC__ 1
| /* end confdefs.h.  */
| as_fn_error 0 "missing STL list class header" "19564" 5
| 
| #include <list>
configure:19564: result: no
configure:19577: checking for map
configure:19577: gcc -c -g -O2  -pthread -I/usr/local/include conftest.c >&5
conftest.c:54:13: error: expected '=', ',', ';', 'asm' or '__attribute__' before numeric constant
   54 | as_fn_error 0 "missing STL map class header" "19577" 5
      |             ^
conftest.c:56:10: fatal error: map: No such file or directory
   56 | #include <map>
      |          ^~~~~
compilation terminated.
configure:19577: $? = 1
configure: failed program was:
| /* confdefs.h */
| #define PACKAGE_NAME "sleuthkit"
| #define PACKAGE_TARNAME "sleuthkit"
| #define PACKAGE_VERSION "4.11.0"
| #define PACKAGE_STRING "sleuthkit 4.11.0"
| #define PACKAGE_BUGREPORT ""
| #define PACKAGE_URL ""
| #define PACKAGE "sleuthkit"
| #define VERSION "4.11.0"
| #define STDC_HEADERS 1
| #define HAVE_SYS_TYPES_H 1
| #define HAVE_SYS_STAT_H 1
| #define HAVE_STDLIB_H 1
| #define HAVE_STRING_H 1
| #define HAVE_MEMORY_H 1
| #define HAVE_STRINGS_H 1
| #define HAVE_INTTYPES_H 1
| #define HAVE_STDINT_H 1
| #define HAVE_UNISTD_H 1
| #define HAVE_DLFCN_H 1
| #define LT_OBJDIR ".libs/"
| #define HAVE_CXX14 1
| #define STDC_HEADERS 1
| #define HAVE_ERR_H 1
| #define HAVE_INTTYPES_H 1
| #define HAVE_UNISTD_H 1
| #define HAVE_STDINT_H 1
| #define HAVE_SYS_PARAM_H 1
| #define HAVE_SYS_RESOURCE_H 1
| #define HAVE__BOOL 1
| #define HAVE_STDBOOL_H 1
| #define HAVE_ALLOCA_H 1
| #define HAVE_ALLOCA 1
| #define HAVE_FSEEKO 1
| #define LSTAT_FOLLOWS_SLASHED_SYMLINK 1
| #define LSTAT_FOLLOWS_SLASHED_SYMLINK 1
| #define HAVE_SYS_SELECT_H 1
| #define HAVE_SYS_SOCKET_H 1
| #define SELECT_TYPE_ARG1 int
| #define SELECT_TYPE_ARG234 (fd_set *)
| #define SELECT_TYPE_ARG5 (struct timeval *)
| #define HAVE_UTIME_H 1
| #define HAVE_UTIME_NULL 1
| #define HAVE_VPRINTF 1
| #define HAVE_ERR 1
| #define HAVE_ERRX 1
| #define HAVE_WARN 1
| #define HAVE_WARNX 1
| #define HAVE_VASPRINTF 1
| #define HAVE_GETRUSAGE 1
| #define HAVE_PTHREAD 1
| #define HAVE_LIBSTDC__ 1
| /* end confdefs.h.  */
| as_fn_error 0 "missing STL map class header" "19577" 5
| 
| #include <map>
configure:19577: result: no
configure:19590: checking for queue
configure:19590: gcc -c -g -O2  -pthread -I/usr/local/include conftest.c >&5
conftest.c:54:13: error: expected '=', ',', ';', 'asm' or '__attribute__' before numeric constant
   54 | as_fn_error 0 "missing STL queue class header" "19590" 5
      |             ^
conftest.c:56:10: fatal error: queue: No such file or directory
   56 | #include <queue>
      |          ^~~~~~~
compilation terminated.
configure:19590: $? = 1
configure: failed program was:
| /* confdefs.h */
| #define PACKAGE_NAME "sleuthkit"
| #define PACKAGE_TARNAME "sleuthkit"
| #define PACKAGE_VERSION "4.11.0"
| #define PACKAGE_STRING "sleuthkit 4.11.0"
| #define PACKAGE_BUGREPORT ""
| #define PACKAGE_URL ""
| #define PACKAGE "sleuthkit"
| #define VERSION "4.11.0"
| #define STDC_HEADERS 1
| #define HAVE_SYS_TYPES_H 1
| #define HAVE_SYS_STAT_H 1
| #define HAVE_STDLIB_H 1
| #define HAVE_STRING_H 1
| #define HAVE_MEMORY_H 1
| #define HAVE_STRINGS_H 1
| #define HAVE_INTTYPES_H 1
| #define HAVE_STDINT_H 1
| #define HAVE_UNISTD_H 1
| #define HAVE_DLFCN_H 1
| #define LT_OBJDIR ".libs/"
| #define HAVE_CXX14 1
| #define STDC_HEADERS 1
| #define HAVE_ERR_H 1
| #define HAVE_INTTYPES_H 1
| #define HAVE_UNISTD_H 1
| #define HAVE_STDINT_H 1
| #define HAVE_SYS_PARAM_H 1
| #define HAVE_SYS_RESOURCE_H 1
| #define HAVE__BOOL 1
| #define HAVE_STDBOOL_H 1
| #define HAVE_ALLOCA_H 1
| #define HAVE_ALLOCA 1
| #define HAVE_FSEEKO 1
| #define LSTAT_FOLLOWS_SLASHED_SYMLINK 1
| #define LSTAT_FOLLOWS_SLASHED_SYMLINK 1
| #define HAVE_SYS_SELECT_H 1
| #define HAVE_SYS_SOCKET_H 1
| #define SELECT_TYPE_ARG1 int
| #define SELECT_TYPE_ARG234 (fd_set *)
| #define SELECT_TYPE_ARG5 (struct timeval *)
| #define HAVE_UTIME_H 1
| #define HAVE_UTIME_NULL 1
| #define HAVE_VPRINTF 1
| #define HAVE_ERR 1
| #define HAVE_ERRX 1
| #define HAVE_WARN 1
| #define HAVE_WARNX 1
| #define HAVE_VASPRINTF 1
| #define HAVE_GETRUSAGE 1
| #define HAVE_PTHREAD 1
| #define HAVE_LIBSTDC__ 1
| /* end confdefs.h.  */
| as_fn_error 0 "missing STL queue class header" "19590" 5
| 
| #include <queue>
configure:19590: result: no
configure:19603: checking for set
configure:19603: gcc -c -g -O2  -pthread -I/usr/local/include conftest.c >&5
conftest.c:54:13: error: expected '=', ',', ';', 'asm' or '__attribute__' before numeric constant
   54 | as_fn_error 0 "missing STL set class header" "19603" 5
      |             ^
conftest.c:56:10: fatal error: set: No such file or directory
   56 | #include <set>
      |          ^~~~~
compilation terminated.
configure:19603: $? = 1
configure: failed program was:
| /* confdefs.h */
| #define PACKAGE_NAME "sleuthkit"
| #define PACKAGE_TARNAME "sleuthkit"
| #define PACKAGE_VERSION "4.11.0"
| #define PACKAGE_STRING "sleuthkit 4.11.0"
| #define PACKAGE_BUGREPORT ""
| #define PACKAGE_URL ""
| #define PACKAGE "sleuthkit"
| #define VERSION "4.11.0"
| #define STDC_HEADERS 1
| #define HAVE_SYS_TYPES_H 1
| #define HAVE_SYS_STAT_H 1
| #define HAVE_STDLIB_H 1
| #define HAVE_STRING_H 1
| #define HAVE_MEMORY_H 1
| #define HAVE_STRINGS_H 1
| #define HAVE_INTTYPES_H 1
| #define HAVE_STDINT_H 1
| #define HAVE_UNISTD_H 1
| #define HAVE_DLFCN_H 1
| #define LT_OBJDIR ".libs/"
| #define HAVE_CXX14 1
| #define STDC_HEADERS 1
| #define HAVE_ERR_H 1
| #define HAVE_INTTYPES_H 1
| #define HAVE_UNISTD_H 1
| #define HAVE_STDINT_H 1
| #define HAVE_SYS_PARAM_H 1
| #define HAVE_SYS_RESOURCE_H 1
| #define HAVE__BOOL 1
| #define HAVE_STDBOOL_H 1
| #define HAVE_ALLOCA_H 1
| #define HAVE_ALLOCA 1
| #define HAVE_FSEEKO 1
| #define LSTAT_FOLLOWS_SLASHED_SYMLINK 1
| #define LSTAT_FOLLOWS_SLASHED_SYMLINK 1
| #define HAVE_SYS_SELECT_H 1
| #define HAVE_SYS_SOCKET_H 1
| #define SELECT_TYPE_ARG1 int
| #define SELECT_TYPE_ARG234 (fd_set *)
| #define SELECT_TYPE_ARG5 (struct timeval *)
| #define HAVE_UTIME_H 1
| #define HAVE_UTIME_NULL 1
| #define HAVE_VPRINTF 1
| #define HAVE_ERR 1
| #define HAVE_ERRX 1
| #define HAVE_WARN 1
| #define HAVE_WARNX 1
| #define HAVE_VASPRINTF 1
| #define HAVE_GETRUSAGE 1
| #define HAVE_PTHREAD 1
| #define HAVE_LIBSTDC__ 1
| /* end confdefs.h.  */
| as_fn_error 0 "missing STL set class header" "19603" 5
| 
| #include <set>
configure:19603: result: no
configure:19616: checking for stack
configure:19616: gcc -c -g -O2  -pthread -I/usr/local/include conftest.c >&5
conftest.c:54:13: error: expected '=', ',', ';', 'asm' or '__attribute__' before numeric constant
   54 | as_fn_error 0 "missing STL stack class header" "19616" 5
      |             ^
conftest.c:56:10: fatal error: stack: No such file or directory
   56 | #include <stack>
      |          ^~~~~~~
compilation terminated.
configure:19616: $? = 1
configure: failed program was:
| /* confdefs.h */
| #define PACKAGE_NAME "sleuthkit"
| #define PACKAGE_TARNAME "sleuthkit"
| #define PACKAGE_VERSION "4.11.0"
| #define PACKAGE_STRING "sleuthkit 4.11.0"
| #define PACKAGE_BUGREPORT ""
| #define PACKAGE_URL ""
| #define PACKAGE "sleuthkit"
| #define VERSION "4.11.0"
| #define STDC_HEADERS 1
| #define HAVE_SYS_TYPES_H 1
| #define HAVE_SYS_STAT_H 1
| #define HAVE_STDLIB_H 1
| #define HAVE_STRING_H 1
| #define HAVE_MEMORY_H 1
| #define HAVE_STRINGS_H 1
| #define HAVE_INTTYPES_H 1
| #define HAVE_STDINT_H 1
| #define HAVE_UNISTD_H 1
| #define HAVE_DLFCN_H 1
| #define LT_OBJDIR ".libs/"
| #define HAVE_CXX14 1
| #define STDC_HEADERS 1
| #define HAVE_ERR_H 1
| #define HAVE_INTTYPES_H 1
| #define HAVE_UNISTD_H 1
| #define HAVE_STDINT_H 1
| #define HAVE_SYS_PARAM_H 1
| #define HAVE_SYS_RESOURCE_H 1
| #define HAVE__BOOL 1
| #define HAVE_STDBOOL_H 1
| #define HAVE_ALLOCA_H 1
| #define HAVE_ALLOCA 1
| #define HAVE_FSEEKO 1
| #define LSTAT_FOLLOWS_SLASHED_SYMLINK 1
| #define LSTAT_FOLLOWS_SLASHED_SYMLINK 1
| #define HAVE_SYS_SELECT_H 1
| #define HAVE_SYS_SOCKET_H 1
| #define SELECT_TYPE_ARG1 int
| #define SELECT_TYPE_ARG234 (fd_set *)
| #define SELECT_TYPE_ARG5 (struct timeval *)
| #define HAVE_UTIME_H 1
| #define HAVE_UTIME_NULL 1
| #define HAVE_VPRINTF 1
| #define HAVE_ERR 1
| #define HAVE_ERRX 1
| #define HAVE_WARN 1
| #define HAVE_WARNX 1
| #define HAVE_VASPRINTF 1
| #define HAVE_GETRUSAGE 1
| #define HAVE_PTHREAD 1
| #define HAVE_LIBSTDC__ 1
| /* end confdefs.h.  */
| as_fn_error 0 "missing STL stack class header" "19616" 5
| 
| #include <stack>
configure:19616: result: no
configure:19629: checking for streambuf
configure:19629: gcc -c -g -O2  -pthread -I/usr/local/include conftest.c >&5
conftest.c:54:13: error: expected '=', ',', ';', 'asm' or '__attribute__' before numeric constant
   54 | as_fn_error 0 "missing STL streambuf class header" "19629" 5
      |             ^
conftest.c:56:10: fatal error: streambuf: No such file or directory
   56 | #include <streambuf>
      |          ^~~~~~~~~~~
compilation terminated.
configure:19629: $? = 1
configure: failed program was:
| /* confdefs.h */
| #define PACKAGE_NAME "sleuthkit"
| #define PACKAGE_TARNAME "sleuthkit"
| #define PACKAGE_VERSION "4.11.0"
| #define PACKAGE_STRING "sleuthkit 4.11.0"
| #define PACKAGE_BUGREPORT ""
| #define PACKAGE_URL ""
| #define PACKAGE "sleuthkit"
| #define VERSION "4.11.0"
| #define STDC_HEADERS 1
| #define HAVE_SYS_TYPES_H 1
| #define HAVE_SYS_STAT_H 1
| #define HAVE_STDLIB_H 1
| #define HAVE_STRING_H 1
| #define HAVE_MEMORY_H 1
| #define HAVE_STRINGS_H 1
| #define HAVE_INTTYPES_H 1
| #define HAVE_STDINT_H 1
| #define HAVE_UNISTD_H 1
| #define HAVE_DLFCN_H 1
| #define LT_OBJDIR ".libs/"
| #define HAVE_CXX14 1
| #define STDC_HEADERS 1
| #define HAVE_ERR_H 1
| #define HAVE_INTTYPES_H 1
| #define HAVE_UNISTD_H 1
| #define HAVE_STDINT_H 1
| #define HAVE_SYS_PARAM_H 1
| #define HAVE_SYS_RESOURCE_H 1
| #define HAVE__BOOL 1
| #define HAVE_STDBOOL_H 1
| #define HAVE_ALLOCA_H 1
| #define HAVE_ALLOCA 1
| #define HAVE_FSEEKO 1
| #define LSTAT_FOLLOWS_SLASHED_SYMLINK 1
| #define LSTAT_FOLLOWS_SLASHED_SYMLINK 1
| #define HAVE_SYS_SELECT_H 1
| #define HAVE_SYS_SOCKET_H 1
| #define SELECT_TYPE_ARG1 int
| #define SELECT_TYPE_ARG234 (fd_set *)
| #define SELECT_TYPE_ARG5 (struct timeval *)
| #define HAVE_UTIME_H 1
| #define HAVE_UTIME_NULL 1
| #define HAVE_VPRINTF 1
| #define HAVE_ERR 1
| #define HAVE_ERRX 1
| #define HAVE_WARN 1
| #define HAVE_WARNX 1
| #define HAVE_VASPRINTF 1
| #define HAVE_GETRUSAGE 1
| #define HAVE_PTHREAD 1
| #define HAVE_LIBSTDC__ 1
| /* end confdefs.h.  */
| as_fn_error 0 "missing STL streambuf class header" "19629" 5
| 
| #include <streambuf>
configure:19629: result: no
configure:19642: checking for string
configure:19642: gcc -c -g -O2  -pthread -I/usr/local/include conftest.c >&5
conftest.c:54:13: error: expected '=', ',', ';', 'asm' or '__attribute__' before numeric constant
   54 | as_fn_error 0 "missing STL string class header" "19642" 5
      |             ^
conftest.c:56:10: fatal error: string: No such file or directory
   56 | #include <string>
      |          ^~~~~~~~
compilation terminated.
configure:19642: $? = 1
configure: failed program was:
| /* confdefs.h */
| #define PACKAGE_NAME "sleuthkit"
| #define PACKAGE_TARNAME "sleuthkit"
| #define PACKAGE_VERSION "4.11.0"
| #define PACKAGE_STRING "sleuthkit 4.11.0"
| #define PACKAGE_BUGREPORT ""
| #define PACKAGE_URL ""
| #define PACKAGE "sleuthkit"
| #define VERSION "4.11.0"
| #define STDC_HEADERS 1
| #define HAVE_SYS_TYPES_H 1
| #define HAVE_SYS_STAT_H 1
| #define HAVE_STDLIB_H 1
| #define HAVE_STRING_H 1
| #define HAVE_MEMORY_H 1
| #define HAVE_STRINGS_H 1
| #define HAVE_INTTYPES_H 1
| #define HAVE_STDINT_H 1
| #define HAVE_UNISTD_H 1
| #define HAVE_DLFCN_H 1
| #define LT_OBJDIR ".libs/"
| #define HAVE_CXX14 1
| #define STDC_HEADERS 1
| #define HAVE_ERR_H 1
| #define HAVE_INTTYPES_H 1
| #define HAVE_UNISTD_H 1
| #define HAVE_STDINT_H 1
| #define HAVE_SYS_PARAM_H 1
| #define HAVE_SYS_RESOURCE_H 1
| #define HAVE__BOOL 1
| #define HAVE_STDBOOL_H 1
| #define HAVE_ALLOCA_H 1
| #define HAVE_ALLOCA 1
| #define HAVE_FSEEKO 1
| #define LSTAT_FOLLOWS_SLASHED_SYMLINK 1
| #define LSTAT_FOLLOWS_SLASHED_SYMLINK 1
| #define HAVE_SYS_SELECT_H 1
| #define HAVE_SYS_SOCKET_H 1
| #define SELECT_TYPE_ARG1 int
| #define SELECT_TYPE_ARG234 (fd_set *)
| #define SELECT_TYPE_ARG5 (struct timeval *)
| #define HAVE_UTIME_H 1
| #define HAVE_UTIME_NULL 1
| #define HAVE_VPRINTF 1
| #define HAVE_ERR 1
| #define HAVE_ERRX 1
| #define HAVE_WARN 1
| #define HAVE_WARNX 1
| #define HAVE_VASPRINTF 1
| #define HAVE_GETRUSAGE 1
| #define HAVE_PTHREAD 1
| #define HAVE_LIBSTDC__ 1
| /* end confdefs.h.  */
| as_fn_error 0 "missing STL string class header" "19642" 5
| 
| #include <string>
configure:19642: result: no
configure:19655: checking for vector
configure:19655: gcc -c -g -O2  -pthread -I/usr/local/include conftest.c >&5
conftest.c:54:13: error: expected '=', ',', ';', 'asm' or '__attribute__' before numeric constant
   54 | as_fn_error 0 "missing STL vector class header" "19655" 5
      |             ^
conftest.c:56:10: fatal error: vector: No such file or directory
   56 | #include <vector>
      |          ^~~~~~~~
compilation terminated.
configure:19655: $? = 1
configure: failed program was:
| /* confdefs.h */
| #define PACKAGE_NAME "sleuthkit"
| #define PACKAGE_TARNAME "sleuthkit"
| #define PACKAGE_VERSION "4.11.0"
| #define PACKAGE_STRING "sleuthkit 4.11.0"
| #define PACKAGE_BUGREPORT ""
| #define PACKAGE_URL ""
| #define PACKAGE "sleuthkit"
| #define VERSION "4.11.0"
| #define STDC_HEADERS 1
| #define HAVE_SYS_TYPES_H 1
| #define HAVE_SYS_STAT_H 1
| #define HAVE_STDLIB_H 1
| #define HAVE_STRING_H 1
| #define HAVE_MEMORY_H 1
| #define HAVE_STRINGS_H 1
| #define HAVE_INTTYPES_H 1
| #define HAVE_STDINT_H 1
| #define HAVE_UNISTD_H 1
| #define HAVE_DLFCN_H 1
| #define LT_OBJDIR ".libs/"
| #define HAVE_CXX14 1
| #define STDC_HEADERS 1
| #define HAVE_ERR_H 1
| #define HAVE_INTTYPES_H 1
| #define HAVE_UNISTD_H 1
| #define HAVE_STDINT_H 1
| #define HAVE_SYS_PARAM_H 1
| #define HAVE_SYS_RESOURCE_H 1
| #define HAVE__BOOL 1
| #define HAVE_STDBOOL_H 1
| #define HAVE_ALLOCA_H 1
| #define HAVE_ALLOCA 1
| #define HAVE_FSEEKO 1
| #define LSTAT_FOLLOWS_SLASHED_SYMLINK 1
| #define LSTAT_FOLLOWS_SLASHED_SYMLINK 1
| #define HAVE_SYS_SELECT_H 1
| #define HAVE_SYS_SOCKET_H 1
| #define SELECT_TYPE_ARG1 int
| #define SELECT_TYPE_ARG234 (fd_set *)
| #define SELECT_TYPE_ARG5 (struct timeval *)
| #define HAVE_UTIME_H 1
| #define HAVE_UTIME_NULL 1
| #define HAVE_VPRINTF 1
| #define HAVE_ERR 1
| #define HAVE_ERRX 1
| #define HAVE_WARN 1
| #define HAVE_WARNX 1
| #define HAVE_VASPRINTF 1
| #define HAVE_GETRUSAGE 1
| #define HAVE_PTHREAD 1
| #define HAVE_LIBSTDC__ 1
| /* end confdefs.h.  */
| as_fn_error 0 "missing STL vector class header" "19655" 5
| 
| #include <vector>
configure:19655: result: no
configure:19669: checking sqlite3.h usability
configure:19669: gcc -c -g -O2  -pthread -I/usr/local/include conftest.c >&5
configure:19669: $? = 0
configure:19669: result: yes
configure:19669: checking sqlite3.h presence
configure:19669: gcc -E  -pthread -I/usr/local/include conftest.c
configure:19669: $? = 0
configure:19669: result: yes
configure:19669: checking for sqlite3.h
configure:19669: result: yes
configure:19674: checking for dlopen in -ldl
configure:19699: gcc -o conftest -g -O2  -pthread -I/usr/local/include  -pthread -L/usr/local/lib conftest.c -ldl  -lstdc++  >&5
configure:19699: $? = 0
configure:19708: result: yes
configure:19719: checking for sqlite3_open in -lsqlite3
configure:19744: gcc -o conftest -g -O2  -pthread -I/usr/local/include  -pthread -L/usr/local/lib conftest.c -lsqlite3  -ldl -lstdc++  >&5
configure:19744: $? = 0
configure:19753: result: yes
configure:19768: checking which sqlite3 to use
configure:19771: result: system
configure:19970: NOT checking for zlib because with_zlib is no
configure:19991: failed to make Z_PATH
configure:19998: checking for dlopen in -ldl
configure:20032: result: yes
configure:21045: checking if libtool needs -no-undefined flag to build shared libraries
configure:21055: result: no
configure:21062: checking for getline
configure:21062: gcc -o conftest -g -O2  -pthread -I/usr/local/include  -pthread -L/usr/local/lib conftest.c -ldl -lsqlite3 -ldl -lstdc++  >&5
configure:21062: $? = 0
configure:21062: result: yes
configure:21071: checking for library containing regexec
configure:21102: gcc -o conftest -g -O2  -pthread -I/usr/local/include  -pthread -L/usr/local/lib conftest.c -ldl -lsqlite3 -ldl -lstdc++  >&5
configure:21102: $? = 0
configure:21119: result: none required
configure:21245: checking that generated files are newer than configure
configure:21251: result: done
configure:21306: creating ./config.status

## ---------------------- ##
## Running config.status. ##
## ---------------------- ##

This file was extended by sleuthkit config.status 4.11.0, which was
generated by GNU Autoconf 2.69.  Invocation command line was

  CONFIG_FILES    = 
  CONFIG_HEADERS  = 
  CONFIG_LINKS    = 
  CONFIG_COMMANDS = 
  $ ./config.status 

on beyond.dominion

config.status:1228: creating Makefile
config.status:1228: creating tsk/Makefile
config.status:1228: creating tsk/base/Makefile
config.status:1228: creating tsk/img/Makefile
config.status:1228: creating tsk/vs/Makefile
config.status:1228: creating tsk/fs/Makefile
config.status:1228: creating tsk/pool/Makefile
config.status:1228: creating tsk/util/Makefile
config.status:1228: creating tsk/tsk_config.h
config.status:1457: executing depfiles commands
config.status:1534: cd tsk/base       && sed -e '/# am--include-marker/d' Makefile         | make -f - am--depfiles
config.status:1539: $? = 0
config.status:1534: cd tsk/img       && sed -e '/# am--include-marker/d' Makefile         | make -f - am--depfiles
config.status:1539: $? = 0
config.status:1534: cd tsk/vs       && sed -e '/# am--include-marker/d' Makefile         | make -f - am--depfiles
config.status:1539: $? = 0
config.status:1534: cd tsk/fs       && sed -e '/# am--include-marker/d' Makefile         | make -f - am--depfiles
config.status:1539: $? = 0
config.status:1534: cd tsk/pool       && sed -e '/# am--include-marker/d' Makefile         | make -f - am--depfiles
config.status:1539: $? = 0
config.status:1534: cd tsk/util       && sed -e '/# am--include-marker/d' Makefile         | make -f - am--depfiles
config.status:1539: $? = 0
config.status:1457: executing libtool commands
config.status:1457: executing tsk/tsk_incs.h commands
configure:23765:
Building:
   afflib support:                        no
   libewf support:                        no
   zlib support:                          no

   libvhdi support:                       no
   libvmdk support:                       no
Features:
   Java/JNI support:                      no
   Multithreading:                        no


## ---------------- ##
## Cache variables. ##
## ---------------- ##

ac_cv_build=x86_64-pc-linux-gnu
ac_cv_c_compiler_gnu=yes
ac_cv_c_const=yes
ac_cv_cxx_compiler_gnu=yes
ac_cv_env_CCC_set=
ac_cv_env_CCC_value=
ac_cv_env_CC_set=
ac_cv_env_CC_value=
ac_cv_env_CFLAGS_set=
ac_cv_env_CFLAGS_value=
ac_cv_env_CPPFLAGS_set=
ac_cv_env_CPPFLAGS_value=
ac_cv_env_CPP_set=
ac_cv_env_CPP_value=
ac_cv_env_CXXCPP_set=
ac_cv_env_CXXCPP_value=
ac_cv_env_CXXFLAGS_set=
ac_cv_env_CXXFLAGS_value=
ac_cv_env_CXX_set=
ac_cv_env_CXX_value=
ac_cv_env_LDFLAGS_set=
ac_cv_env_LDFLAGS_value=
ac_cv_env_LIBS_set=
ac_cv_env_LIBS_value=
ac_cv_env_LT_SYS_LIBRARY_PATH_set=
ac_cv_env_LT_SYS_LIBRARY_PATH_value=
ac_cv_env_build_alias_set=
ac_cv_env_build_alias_value=
ac_cv_env_host_alias_set=
ac_cv_env_host_alias_value=
ac_cv_env_target_alias_set=
ac_cv_env_target_alias_value=
ac_cv_func__doprnt=no
ac_cv_func_alloca_works=yes
ac_cv_func_err=yes
ac_cv_func_errx=yes
ac_cv_func_getline=yes
ac_cv_func_getrusage=yes
ac_cv_func_ishexnumber=no
ac_cv_func_lstat_dereferences_slashed_symlink=yes
ac_cv_func_lstat_empty_string_bug=no
ac_cv_func_select_args='int,fd_set *,struct timeval *'
ac_cv_func_strlcat=no
ac_cv_func_strlcpy=no
ac_cv_func_utime_null=yes
ac_cv_func_vasprintf=yes
ac_cv_func_vprintf=yes
ac_cv_func_warn=yes
ac_cv_func_warnx=yes
ac_cv_header_dlfcn_h=yes
ac_cv_header_err_h=yes
ac_cv_header_inttypes_h=yes
ac_cv_header_list=no
ac_cv_header_map=no
ac_cv_header_memory_h=yes
ac_cv_header_queue=no
ac_cv_header_set=no
ac_cv_header_sqlite3_h=yes
ac_cv_header_stack=no
ac_cv_header_stdbool_h=yes
ac_cv_header_stdc=yes
ac_cv_header_stdint_h=yes
ac_cv_header_stdlib_h=yes
ac_cv_header_streambuf=no
ac_cv_header_string=no
ac_cv_header_string_h=yes
ac_cv_header_strings_h=yes
ac_cv_header_sys_param_h=yes
ac_cv_header_sys_resource_h=yes
ac_cv_header_sys_select_h=yes
ac_cv_header_sys_socket_h=yes
ac_cv_header_sys_stat_h=yes
ac_cv_header_sys_types_h=yes
ac_cv_header_unistd_h=yes
ac_cv_header_utime_h=yes
ac_cv_header_vector=no
ac_cv_host=x86_64-pc-linux-gnu
ac_cv_lib_dl_dlopen=yes
ac_cv_lib_error_at_line=yes
ac_cv_lib_sqlite3_sqlite3_open=yes
ac_cv_lib_stdcpp_main=yes
ac_cv_objext=o
ac_cv_path_CPPUNIT_CONFIG=no
ac_cv_path_EGREP='/usr/bin/grep -E'
ac_cv_path_FGREP='/usr/bin/grep -F'
ac_cv_path_GREP=/usr/bin/grep
ac_cv_path_PERL=/usr/bin/perl
ac_cv_path_SED=/usr/bin/sed
ac_cv_path_install='/usr/bin/install -c'
ac_cv_path_lt_DD=/usr/bin/dd
ac_cv_path_mkdir=/usr/bin/mkdir
ac_cv_prog_AWK=gawk
ac_cv_prog_CPP='gcc -E'
ac_cv_prog_CXXCPP='g++ -E'
ac_cv_prog_ac_ct_AR=ar
ac_cv_prog_ac_ct_CC=gcc
ac_cv_prog_ac_ct_CXX=g++
ac_cv_prog_ac_ct_OBJDUMP=objdump
ac_cv_prog_ac_ct_RANLIB=ranlib
ac_cv_prog_ac_ct_STRIP=strip
ac_cv_prog_cc_c89=
ac_cv_prog_cc_g=yes
ac_cv_prog_cxx_g=yes
ac_cv_prog_gcc_traditional=no
ac_cv_prog_make_make_set=yes
ac_cv_search_regexec='none required'
ac_cv_sys_file_offset_bits=no
ac_cv_sys_largefile_CC=no
ac_cv_sys_largefile_source=no
ac_cv_type__Bool=yes
ac_cv_type_mode_t=yes
ac_cv_type_off_t=yes
ac_cv_type_size_t=yes
ac_cv_type_uid_t=yes
ac_cv_working_alloca_h=yes
am_cv_CC_dependencies_compiler_type=gcc3
am_cv_CXX_dependencies_compiler_type=gcc3
am_cv_make_support_nested_variables=yes
am_cv_prog_cc_c_o=yes
am_cv_prog_tar_ustar=gnutar
ax_cv_cxx_compile_cxx14__std_cpp14=yes
lt_cv_ar_at_file=@
lt_cv_archive_cmds_need_lc=no
lt_cv_deplibs_check_method=pass_all
lt_cv_file_magic_cmd='$MAGIC_CMD'
lt_cv_file_magic_test_file=
lt_cv_ld_reload_flag=-r
lt_cv_nm_interface='BSD nm'
lt_cv_objdir=.libs
lt_cv_path_LD=/usr/bin/ld
lt_cv_path_LDCXX='/usr/bin/ld -m elf_x86_64'
lt_cv_path_NM='/usr/bin/nm -B'
lt_cv_path_mainfest_tool=no
lt_cv_prog_compiler_c_o=yes
lt_cv_prog_compiler_c_o_CXX=yes
lt_cv_prog_compiler_pic='-fPIC -DPIC'
lt_cv_prog_compiler_pic_CXX='-fPIC -DPIC'
lt_cv_prog_compiler_pic_works=yes
lt_cv_prog_compiler_pic_works_CXX=yes
lt_cv_prog_compiler_rtti_exceptions=no
lt_cv_prog_compiler_static_works=yes
lt_cv_prog_compiler_static_works_CXX=yes
lt_cv_prog_gnu_ld=yes
lt_cv_prog_gnu_ldcxx=yes
lt_cv_sharedlib_from_linklib_cmd='printf %s\n'
lt_cv_shlibpath_overrides_runpath=no
lt_cv_sys_global_symbol_pipe='sed -n -e '\''s/^.*[	 ]\([ABCDGIRSTW][ABCDGIRSTW]*\)[	 ][	 ]*\([_A-Za-z][_A-Za-z0-9]*\)$/\1 \2 \2/p'\'' | sed '\''/ __gnu_lto/d'\'''
lt_cv_sys_global_symbol_to_c_name_address='sed -n -e '\''s/^: \(.*\) .*$/  {"\1", (void *) 0},/p'\'' -e '\''s/^[ABCDGIRSTW][ABCDGIRSTW]* .* \(.*\)$/  {"\1", (void *) \&\1},/p'\'''
lt_cv_sys_global_symbol_to_c_name_address_lib_prefix='sed -n -e '\''s/^: \(.*\) .*$/  {"\1", (void *) 0},/p'\'' -e '\''s/^[ABCDGIRSTW][ABCDGIRSTW]* .* \(lib.*\)$/  {"\1", (void *) \&\1},/p'\'' -e '\''s/^[ABCDGIRSTW][ABCDGIRSTW]* .* \(.*\)$/  {"lib\1", (void *) \&\1},/p'\'''
lt_cv_sys_global_symbol_to_cdecl='sed -n -e '\''s/^T .* \(.*\)$/extern int \1();/p'\'' -e '\''s/^[ABCDGIRSTW][ABCDGIRSTW]* .* \(.*\)$/extern char \1;/p'\'''
lt_cv_sys_global_symbol_to_import=
lt_cv_sys_max_cmd_len=1572864
lt_cv_to_host_file_cmd=func_convert_file_noop
lt_cv_to_tool_file_cmd=func_convert_file_noop
lt_cv_truncate_bin='/usr/bin/dd bs=4096 count=1'

## ----------------- ##
## Output variables. ##
## ----------------- ##

ACLOCAL='${SHELL} /home/lordyesta/Projects/pytsk/sleuthkit/config/missing aclocal-1.16'
ALLOCA=''
AMDEPBACKSLASH='\'
AMDEP_FALSE='#'
AMDEP_TRUE=''
AMTAR='$${TAR-tar}'
AM_BACKSLASH='\'
AM_CFLAGS='-Wall -Wextra -Wno-unused-parameter'
AM_CXXFLAGS='-Wall -Wextra -Wno-unused-parameter'
AM_DEFAULT_V='$(AM_DEFAULT_VERBOSITY)'
AM_DEFAULT_VERBOSITY='1'
AM_V='$(V)'
ANT_FOUND=''
AR='ar'
AUTOCONF='${SHELL} /home/lordyesta/Projects/pytsk/sleuthkit/config/missing autoconf'
AUTOHEADER='${SHELL} /home/lordyesta/Projects/pytsk/sleuthkit/config/missing autoheader'
AUTOMAKE='${SHELL} /home/lordyesta/Projects/pytsk/sleuthkit/config/missing automake-1.16'
AWK='gawk'
CC='gcc'
CCDEPMODE='depmode=gcc3'
CFLAGS='-g -O2'
CPP='gcc -E'
CPPFLAGS=' -pthread -I/usr/local/include'
CPPUNIT_CFLAGS=''
CPPUNIT_CONFIG='no'
CPPUNIT_FALSE=''
CPPUNIT_LIBS=''
CPPUNIT_TRUE='#'
CXX='g++ -std=c++14'
CXXCPP='g++ -E -std=c++14'
CXXDEPMODE='depmode=gcc3'
CXXFLAGS='-g -O2'
CYGPATH_W='echo'
DEFS='-DHAVE_CONFIG_H'
DEPDIR='.deps'
DLLTOOL='false'
DSYMUTIL=''
DUMPBIN=''
ECHO_C=''
ECHO_N='-n'
ECHO_T=''
EGREP='/usr/bin/grep -E'
EXEEXT=''
FGREP='/usr/bin/grep -F'
GREP='/usr/bin/grep'
HAVE_CXX14='1'
HAVE_LIBSQLITE3_FALSE='#'
HAVE_LIBSQLITE3_TRUE=''
INSTALL_DATA='${INSTALL} -m 644'
INSTALL_PROGRAM='${INSTALL}'
INSTALL_SCRIPT='${INSTALL}'
INSTALL_STRIP_PROGRAM='$(install_sh) -c -s'
JAVA=''
JAVAC=''
JNI_CPPFLAGS=''
LD='/usr/bin/ld -m elf_x86_64'
LDFLAGS=' -pthread -L/usr/local/lib'
LIBOBJS=''
LIBS='-ldl -lsqlite3 -ldl -lstdc++ '
LIBTOOL='$(SHELL) $(top_builddir)/libtool'
LIBTSK_LDFLAGS=''
LIPO=''
LN_S='ln -s'
LTLIBOBJS=''
LT_SYS_LIBRARY_PATH=''
MAINT='#'
MAINTAINER_MODE_FALSE=''
MAINTAINER_MODE_TRUE='#'
MAKEINFO='${SHELL} /home/lordyesta/Projects/pytsk/sleuthkit/config/missing makeinfo'
MANIFEST_TOOL=':'
MKDIR_P='/usr/bin/mkdir -p'
NM='/usr/bin/nm -B'
NMEDIT=''
OBJDUMP='objdump'
OBJEXT='o'
OFFLINE_FALSE=''
OFFLINE_TRUE='#'
OTOOL64=''
OTOOL=''
PACKAGE='sleuthkit'
PACKAGE_BUGREPORT=''
PACKAGE_NAME='sleuthkit'
PACKAGE_STRING='sleuthkit 4.11.0'
PACKAGE_TARNAME='sleuthkit'
PACKAGE_URL=''
PACKAGE_VERSION='4.11.0'
PATH_SEPARATOR=':'
PERL='/usr/bin/perl'
PTHREAD_CC='gcc'
PTHREAD_CFLAGS='-pthread'
PTHREAD_LIBS=''
RANLIB='ranlib'
SED='/usr/bin/sed'
SET_MAKE=''
SHELL='/bin/sh'
STRIP='strip'
VERSION='4.11.0'
X_JNI_FALSE=''
X_JNI_TRUE='#'
X_ZLIB_FALSE=''
X_ZLIB_TRUE='#'
Z_PATH=''
_ACJNI_JAVAC=''
ac_ct_AR='ar'
ac_ct_CC='gcc'
ac_ct_CXX='g++'
ac_ct_DUMPBIN=''
am__EXEEXT_FALSE=''
am__EXEEXT_TRUE='#'
am__fastdepCC_FALSE='#'
am__fastdepCC_TRUE=''
am__fastdepCXX_FALSE='#'
am__fastdepCXX_TRUE=''
am__include='include'
am__isrc=''
am__leading_dot='.'
am__nodep='_no'
am__quote=''
am__tar='tar --format=ustar -chf - "$$tardir"'
am__untar='tar -xf -'
ax_pthread_config=''
bindir='${exec_prefix}/bin'
build='x86_64-pc-linux-gnu'
build_alias=''
build_cpu='x86_64'
build_os='linux-gnu'
build_vendor='pc'
datadir='${datarootdir}'
datarootdir='${prefix}/share'
docdir='${datarootdir}/doc/${PACKAGE_TARNAME}'
dvidir='${docdir}'
exec_prefix='${prefix}'
host='x86_64-pc-linux-gnu'
host_alias=''
host_cpu='x86_64'
host_os='linux-gnu'
host_vendor='pc'
htmldir='${docdir}'
includedir='${prefix}/include'
infodir='${datarootdir}/info'
install_sh='${SHELL} /home/lordyesta/Projects/pytsk/sleuthkit/config/install-sh'
libdir='${exec_prefix}/lib'
libexecdir='${exec_prefix}/libexec'
localedir='${datarootdir}/locale'
localstatedir='${prefix}/var'
mandir='${datarootdir}/man'
mkdir_p='$(MKDIR_P)'
oldincludedir='/usr/include'
pdfdir='${docdir}'
prefix='/usr/local'
program_transform_name='s,x,x,'
psdir='${docdir}'
runstatedir='${localstatedir}/run'
sbindir='${exec_prefix}/sbin'
sharedstatedir='${prefix}/com'
sysconfdir='${prefix}/etc'
target_alias=''
uudecode=''

## ----------- ##
## confdefs.h. ##
## ----------- ##

/* confdefs.h */
#define PACKAGE_NAME "sleuthkit"
#define PACKAGE_TARNAME "sleuthkit"
#define PACKAGE_VERSION "4.11.0"
#define PACKAGE_STRING "sleuthkit 4.11.0"
#define PACKAGE_BUGREPORT ""
#define PACKAGE_URL ""
#define PACKAGE "sleuthkit"
#define VERSION "4.11.0"
#define STDC_HEADERS 1
#define HAVE_SYS_TYPES_H 1
#define HAVE_SYS_STAT_H 1
#define HAVE_STDLIB_H 1
#define HAVE_STRING_H 1
#define HAVE_MEMORY_H 1
#define HAVE_STRINGS_H 1
#define HAVE_INTTYPES_H 1
#define HAVE_STDINT_H 1
#define HAVE_UNISTD_H 1
#define HAVE_DLFCN_H 1
#define LT_OBJDIR ".libs/"
#define HAVE_CXX14 1
#define STDC_HEADERS 1
#define HAVE_ERR_H 1
#define HAVE_INTTYPES_H 1
#define HAVE_UNISTD_H 1
#define HAVE_STDINT_H 1
#define HAVE_SYS_PARAM_H 1
#define HAVE_SYS_RESOURCE_H 1
#define HAVE__BOOL 1
#define HAVE_STDBOOL_H 1
#define HAVE_ALLOCA_H 1
#define HAVE_ALLOCA 1
#define HAVE_FSEEKO 1
#define LSTAT_FOLLOWS_SLASHED_SYMLINK 1
#define LSTAT_FOLLOWS_SLASHED_SYMLINK 1
#define HAVE_SYS_SELECT_H 1
#define HAVE_SYS_SOCKET_H 1
#define SELECT_TYPE_ARG1 int
#define SELECT_TYPE_ARG234 (fd_set *)
#define SELECT_TYPE_ARG5 (struct timeval *)
#define HAVE_UTIME_H 1
#define HAVE_UTIME_NULL 1
#define HAVE_VPRINTF 1
#define HAVE_ERR 1
#define HAVE_ERRX 1
#define HAVE_WARN 1
#define HAVE_WARNX 1
#define HAVE_VASPRINTF 1
#define HAVE_GETRUSAGE 1
#define HAVE_PTHREAD 1
#define HAVE_LIBSTDC__ 1
#define HAVE_SQLITE3_H 1
#define HAVE_LIBDL 1
#define HAVE_LIBSQLITE3 1
#define HAVE_LIBDL 1
#define HAVE_GETLINE 1

configure: exit 0
